[0.612s] Invoking command in '/home/blacknav/blacknav/build/blacknav': CMAKE_PREFIX_PATH=${CMAKE_PREFIX_PATH}:/opt/ros/jazzy /usr/bin/cmake --build /home/blacknav/blacknav/build/blacknav -- -j12 -l12
[2.153s] [ 50%] Built target motor_controller
[2.295s] [ 75%] [32mBuilding CXX object CMakeFiles/odom_pub.dir/src/odom_pub.cpp.o[0m
[23.873s] [01m[K/home/blacknav/blacknav/src/odom_pub.cpp:[m[K In function ‘[01m[Kint[01;32m[K main[m[K(int, char**)[m[K’:
[23.885s] [01m[K/home/blacknav/blacknav/src/odom_pub.cpp:22:14:[m[K [01;35m[Kwarning: [m[Kunused parameter ‘[01m[Kargc[m[K’ [[01;35m[K-Wunused-parameter[m[K]
[23.895s]    22 | int main([01;35m[Kint argc[m[K, char * argv[])
[23.906s]       |          [01;35m[K~~~~^~~~[m[K
[23.917s] [01m[K/home/blacknav/blacknav/src/odom_pub.cpp:22:27:[m[K [01;35m[Kwarning: [m[Kunused parameter ‘[01m[Kargv[m[K’ [[01;35m[K-Wunused-parameter[m[K]
[23.927s]    22 | int main(int argc, [01;35m[Kchar * argv[][m[K)
[23.938s]       |                    [01;35m[K~~~~~~~^~~~~~[m[K
[30.666s] [100%] [32m[1mLinking CXX executable odom_pub[0m
[31.934s] [100%] Built target odom_pub
[32.138s] Invoked command in '/home/blacknav/blacknav/build/blacknav' returned '0': CMAKE_PREFIX_PATH=${CMAKE_PREFIX_PATH}:/opt/ros/jazzy /usr/bin/cmake --build /home/blacknav/blacknav/build/blacknav -- -j12 -l12
[32.390s] Invoking command in '/home/blacknav/blacknav/build/blacknav': CMAKE_PREFIX_PATH=${CMAKE_PREFIX_PATH}:/opt/ros/jazzy /usr/bin/cmake --install /home/blacknav/blacknav/build/blacknav
[32.572s] -- Install configuration: ""
[32.586s] -- Up-to-date: /home/blacknav/blacknav/install/blacknav/lib/blacknav/motor_controller
[32.597s] -- Installing: /home/blacknav/blacknav/install/blacknav/lib/blacknav/odom_pub
[32.615s] -- Set non-toolchain portion of runtime path of "/home/blacknav/blacknav/install/blacknav/lib/blacknav/odom_pub" to ""
[32.640s] -- Up-to-date: /home/blacknav/blacknav/install/blacknav/share/blacknav/assets/
[32.646s] -- Up-to-date: /home/blacknav/blacknav/install/blacknav/share/blacknav/assets//main_body.stl
[32.674s] -- Up-to-date: /home/blacknav/blacknav/install/blacknav/share/blacknav/assets//plug.stl
[32.680s] -- Up-to-date: /home/blacknav/blacknav/install/blacknav/share/blacknav/assets//wheel_joints.stl
[32.688s] -- Up-to-date: /home/blacknav/blacknav/install/blacknav/share/blacknav/assets//d415.stl
[32.696s] -- Up-to-date: /home/blacknav/blacknav/install/blacknav/share/blacknav/assets//realsense_tripod.part
[32.706s] -- Up-to-date: /home/blacknav/blacknav/install/blacknav/share/blacknav/assets//caster_holder.part
[32.735s] -- Up-to-date: /home/blacknav/blacknav/install/blacknav/share/blacknav/assets//caster_wheel.part
[32.745s] -- Up-to-date: /home/blacknav/blacknav/install/blacknav/share/blacknav/assets//right_wheel.stl
[32.756s] -- Up-to-date: /home/blacknav/blacknav/install/blacknav/share/blacknav/assets//left_wheel.stl
[32.763s] -- Up-to-date: /home/blacknav/blacknav/install/blacknav/share/blacknav/assets//left_wheel.part
[32.768s] -- Up-to-date: /home/blacknav/blacknav/install/blacknav/share/blacknav/assets//right_wheel.part
[32.784s] -- Up-to-date: /home/blacknav/blacknav/install/blacknav/share/blacknav/assets//main_body.part
[32.792s] -- Up-to-date: /home/blacknav/blacknav/install/blacknav/share/blacknav/assets//caster_wheel.stl
[32.798s] -- Up-to-date: /home/blacknav/blacknav/install/blacknav/share/blacknav/assets//realsense_tripod.stl
[32.805s] -- Up-to-date: /home/blacknav/blacknav/install/blacknav/share/blacknav/assets//plug_collision.stl
[32.811s] -- Up-to-date: /home/blacknav/blacknav/install/blacknav/share/blacknav/assets//caster_holder.stl
[32.827s] -- Up-to-date: /home/blacknav/blacknav/install/blacknav/share/blacknav/assets//wheel_joints.part
[32.835s] -- Up-to-date: /home/blacknav/blacknav/install/blacknav/share/ament_index/resource_index/package_run_dependencies/blacknav
[32.847s] -- Up-to-date: /home/blacknav/blacknav/install/blacknav/share/ament_index/resource_index/parent_prefix_path/blacknav
[32.853s] -- Up-to-date: /home/blacknav/blacknav/install/blacknav/share/blacknav/environment/ament_prefix_path.sh
[32.860s] -- Up-to-date: /home/blacknav/blacknav/install/blacknav/share/blacknav/environment/ament_prefix_path.dsv
[32.868s] -- Up-to-date: /home/blacknav/blacknav/install/blacknav/share/blacknav/environment/path.sh
[32.874s] -- Up-to-date: /home/blacknav/blacknav/install/blacknav/share/blacknav/environment/path.dsv
[32.880s] -- Up-to-date: /home/blacknav/blacknav/install/blacknav/share/blacknav/local_setup.bash
[32.889s] -- Up-to-date: /home/blacknav/blacknav/install/blacknav/share/blacknav/local_setup.sh
[32.895s] -- Up-to-date: /home/blacknav/blacknav/install/blacknav/share/blacknav/local_setup.zsh
[32.902s] -- Up-to-date: /home/blacknav/blacknav/install/blacknav/share/blacknav/local_setup.dsv
[32.908s] -- Installing: /home/blacknav/blacknav/install/blacknav/share/blacknav/package.dsv
[32.917s] -- Up-to-date: /home/blacknav/blacknav/install/blacknav/share/ament_index/resource_index/packages/blacknav
[32.927s] -- Up-to-date: /home/blacknav/blacknav/install/blacknav/share/blacknav/cmake/blacknavConfig.cmake
[32.937s] -- Up-to-date: /home/blacknav/blacknav/install/blacknav/share/blacknav/cmake/blacknavConfig-version.cmake
[32.945s] -- Up-to-date: /home/blacknav/blacknav/install/blacknav/share/blacknav/package.xml
[32.952s] Invoked command in '/home/blacknav/blacknav/build/blacknav' returned '0': CMAKE_PREFIX_PATH=${CMAKE_PREFIX_PATH}:/opt/ros/jazzy /usr/bin/cmake --install /home/blacknav/blacknav/build/blacknav
