[01m[K/home/blacknav/blacknav/src/motor_controller.cpp:[m[K In member function ‘[01m[Kvoid TwistSubscriber::[01;32m[Ktwist_callback[m[K(geometry_msgs::msg::Twist_<std::allocator<void> >::SharedPtr) const[m[K’:
[01m[K/home/blacknav/blacknav/src/motor_controller.cpp:60:33:[m[K [01;35m[Kwarning: [m[Knarrowing conversion of ‘[01m[K((theta_dot_L >> 8) & 255)[m[K’ from ‘[01m[Kint[m[K’ to ‘[01m[Kchar[m[K’ [[01;35m[K-Wnarrowing[m[K]
   60 |             [01;35m[K((theta_dot_L >> 8) & 0xFF)[m[K,
      |             [01;35m[K~~~~~~~~~~~~~~~~~~~~^~~~~~~[m[K
[01m[K/home/blacknav/blacknav/src/motor_controller.cpp:61:26:[m[K [01;35m[Kwarning: [m[Knarrowing conversion of ‘[01m[K(theta_dot_L & 255)[m[K’ from ‘[01m[Kint[m[K’ to ‘[01m[Kchar[m[K’ [[01;35m[K-Wnarrowing[m[K]
   61 |             [01;35m[K(theta_dot_L & 0xFF)[m[K
      |             [01;35m[K~~~~~~~~~~~~~^~~~~~~[m[K
[01m[K/home/blacknav/blacknav/src/motor_controller.cpp:68:33:[m[K [01;35m[Kwarning: [m[Knarrowing conversion of ‘[01m[K((theta_dot_R >> 8) & 255)[m[K’ from ‘[01m[Kint[m[K’ to ‘[01m[Kchar[m[K’ [[01;35m[K-Wnarrowing[m[K]
   68 |             [01;35m[K((theta_dot_R >> 8) & 0xFF)[m[K,
      |             [01;35m[K~~~~~~~~~~~~~~~~~~~~^~~~~~~[m[K
[01m[K/home/blacknav/blacknav/src/motor_controller.cpp:69:27:[m[K [01;35m[Kwarning: [m[Knarrowing conversion of ‘[01m[K(theta_dot_R & 255)[m[K’ from ‘[01m[Kint[m[K’ to ‘[01m[Kchar[m[K’ [[01;35m[K-Wnarrowing[m[K]
   69 |             [01;35m[K(theta_dot_R  & 0xFF)[m[K
      |             [01;35m[K~~~~~~~~~~~~~~^~~~~~~[m[K
[01m[K/home/blacknav/blacknav/src/odom_pub.cpp:[m[K In constructor ‘[01m[KOdomPublisher::[01;32m[KOdomPublisher[m[K()[m[K’:
[01m[K/home/blacknav/blacknav/src/odom_pub.cpp:45:27:[m[K [01;35m[Kwarning: [m[Kcomparison of unsigned expression in ‘[01m[K< 0[m[K’ is always false [[01;35m[K-Wtype-limits[m[K]
   45 |         if ([01;35m[Kpigpio_handle < 0[m[K) {
      |             [01;35m[K~~~~~~~~~~~~~~^~~[m[K
[01m[K/home/blacknav/blacknav/src/odom_pub.cpp:50:24:[m[K [01;35m[Kwarning: [m[Kcomparison of unsigned expression in ‘[01m[K< 0[m[K’ is always false [[01;35m[K-Wtype-limits[m[K]
   50 |         if ([01;35m[Kspi_handle < 0[m[K) {
      |             [01;35m[K~~~~~~~~~~~^~~[m[K
[01m[K/home/blacknav/blacknav/src/odom_pub.cpp:[m[K In member function ‘[01m[Kdouble OdomPublisher::[01;32m[Kget_encoder_radians[m[K(unsigned int)[m[K’:
[01m[K/home/blacknav/blacknav/src/odom_pub.cpp:81:13:[m[K [01;35m[Kwarning: [m[Knarrowing conversion of ‘[01m[Kmessage_type[m[K’ from ‘[01m[Kunsigned int[m[K’ to ‘[01m[Kchar[m[K’ [[01;35m[K-Wnarrowing[m[K]
   81 |             [01;35m[Kmessage_type[m[K,
      |             [01;35m[K^~~~~~~~~~~~[m[K
[01m[K/home/blacknav/blacknav/src/odom_pub.cpp:[m[K In member function ‘[01m[Kgeometry_msgs::msg::PoseWithCovariance OdomPublisher::[01;32m[Kcalculate_pose_wc[m[K()[m[K’:
[01m[K/home/blacknav/blacknav/src/odom_pub.cpp:121:16:[m[K [01;35m[Kwarning: [m[Kunused variable ‘[01m[Kleft_motor_radians[m[K’ [[01;35m[K-Wunused-variable[m[K]
  121 |         double [01;35m[Kleft_motor_radians[m[K = get_encoder_radians(LEFT_MOTOR);
      |                [01;35m[K^~~~~~~~~~~~~~~~~~[m[K
[01m[K/home/blacknav/blacknav/src/odom_pub.cpp:122:16:[m[K [01;35m[Kwarning: [m[Kunused variable ‘[01m[Kright_motor_radians[m[K’ [[01;35m[K-Wunused-variable[m[K]
  122 |         double [01;35m[Kright_motor_radians[m[K = get_encoder_radians(RIGHT_MOTOR);
      |                [01;35m[K^~~~~~~~~~~~~~~~~~~[m[K
[01m[K/home/blacknav/blacknav/src/odom_pub.cpp:123:5:[m[K [01;35m[Kwarning: [m[Kno return statement in function returning non-void [[01;35m[K-Wreturn-type[m[K]
  123 |     [01;35m[K}[m[K
      |     [01;35m[K^[m[K
[01m[K/home/blacknav/blacknav/src/odom_pub.cpp:[m[K In function ‘[01m[Kint[01;32m[K main[m[K(int, char**)[m[K’:
[01m[K/home/blacknav/blacknav/src/odom_pub.cpp:126:14:[m[K [01;35m[Kwarning: [m[Kunused parameter ‘[01m[Kargc[m[K’ [[01;35m[K-Wunused-parameter[m[K]
  126 | int main([01;35m[Kint argc[m[K, char *argv[])
      |          [01;35m[K~~~~^~~~[m[K
[01m[K/home/blacknav/blacknav/src/odom_pub.cpp:126:26:[m[K [01;35m[Kwarning: [m[Kunused parameter ‘[01m[Kargv[m[K’ [[01;35m[K-Wunused-parameter[m[K]
  126 | int main(int argc, [01;35m[Kchar *argv[][m[K)
      |                    [01;35m[K~~~~~~^~~~~~[m[K
