[7.376s] DEBUG:colcon:Command line arguments: ['/usr/bin/colcon', 'build', '--cmake-args', '-DCMAKE_EXPORT_COMPILE_COMMANDS=On']
[7.383s] DEBUG:colcon:Parsed command line arguments: Namespace(log_base=None, log_level=None, verb_name='build', build_base='build', install_base='install', merge_install=False, symlink_install=False, test_result_base=None, continue_on_error=False, executor='parallel', parallel_workers=12, event_handlers=None, ignore_user_meta=False, metas=['./colcon.meta'], base_paths=['.'], packages_ignore=None, packages_ignore_regex=None, paths=None, packages_up_to=None, packages_up_to_regex=None, packages_above=None, packages_above_and_dependencies=None, packages_above_depth=None, packages_select_by_dep=None, packages_skip_by_dep=None, packages_skip_up_to=None, packages_select_build_failed=False, packages_skip_build_finished=False, packages_select_test_failures=False, packages_skip_test_passed=False, packages_select=None, packages_skip=None, packages_select_regex=None, packages_skip_regex=None, packages_start=None, packages_end=None, cmake_args=['-DCMAKE_EXPORT_COMPILE_COMMANDS=On'], cmake_target=None, cmake_target_skip_unavailable=False, cmake_clean_cache=False, cmake_clean_first=False, cmake_force_configure=False, ament_cmake_args=None, catkin_cmake_args=None, catkin_skip_building_tests=False, mixin_files=None, mixin=None, verb_parser=<colcon_mixin.mixin.mixin_argument.MixinArgumentDecorator object at 0x7facf76990d0>, verb_extension=<colcon_core.verb.build.BuildVerb object at 0x7facf7698c50>, main=<bound method BuildVerb.main of <colcon_core.verb.build.BuildVerb object at 0x7facf7698c50>>, mixin_verb=('build',))
[10.023s] Level 1:colcon.colcon_core.package_discovery:discover_packages(colcon_meta) check parameters
[10.027s] Level 1:colcon.colcon_core.package_discovery:discover_packages(recursive) check parameters
[10.028s] Level 1:colcon.colcon_core.package_discovery:discover_packages(ignore) check parameters
[10.030s] Level 1:colcon.colcon_core.package_discovery:discover_packages(path) check parameters
[10.031s] Level 1:colcon.colcon_core.package_discovery:discover_packages(colcon_meta) discover
[10.034s] Level 1:colcon.colcon_core.package_discovery:discover_packages(recursive) discover
[10.036s] INFO:colcon.colcon_core.package_discovery:Crawling recursively for packages in '/home/blacknav/blacknav'
[10.040s] Level 1:colcon.colcon_core.package_identification:_identify(.) by extensions ['ignore', 'ignore_ament_install']
[10.047s] Level 1:colcon.colcon_core.package_identification:_identify(.) by extension 'ignore'
[10.050s] Level 1:colcon.colcon_core.package_identification:_identify(.) by extension 'ignore_ament_install'
[10.054s] Level 1:colcon.colcon_core.package_identification:_identify(.) by extensions ['colcon_pkg']
[10.055s] Level 1:colcon.colcon_core.package_identification:_identify(.) by extension 'colcon_pkg'
[10.058s] Level 1:colcon.colcon_core.package_identification:_identify(.) by extensions ['colcon_meta']
[10.060s] Level 1:colcon.colcon_core.package_identification:_identify(.) by extension 'colcon_meta'
[10.063s] Level 1:colcon.colcon_core.package_identification:_identify(.) by extensions ['ros']
[10.064s] Level 1:colcon.colcon_core.package_identification:_identify(.) by extension 'ros'
[12.321s] DEBUG:colcon.colcon_core.package_identification:Package '.' with type 'ros.ament_cmake' and name 'blacknav'
[12.324s] Level 1:colcon.colcon_core.package_discovery:discover_packages(recursive) using defaults
[12.328s] Level 1:colcon.colcon_core.package_discovery:discover_packages(ignore) discover
[12.329s] Level 1:colcon.colcon_core.package_discovery:discover_packages(ignore) using defaults
[12.330s] Level 1:colcon.colcon_core.package_discovery:discover_packages(path) discover
[12.331s] Level 1:colcon.colcon_core.package_discovery:discover_packages(path) using defaults
[13.550s] Level 5:colcon.colcon_core.verb:set package 'blacknav' build argument 'cmake_args' from command line to '['-DCMAKE_EXPORT_COMPILE_COMMANDS=On']'
[13.551s] Level 5:colcon.colcon_core.verb:set package 'blacknav' build argument 'cmake_target' from command line to 'None'
[13.553s] Level 5:colcon.colcon_core.verb:set package 'blacknav' build argument 'cmake_target_skip_unavailable' from command line to 'False'
[13.556s] Level 5:colcon.colcon_core.verb:set package 'blacknav' build argument 'cmake_clean_cache' from command line to 'False'
[13.558s] Level 5:colcon.colcon_core.verb:set package 'blacknav' build argument 'cmake_clean_first' from command line to 'False'
[13.559s] Level 5:colcon.colcon_core.verb:set package 'blacknav' build argument 'cmake_force_configure' from command line to 'False'
[13.561s] Level 5:colcon.colcon_core.verb:set package 'blacknav' build argument 'ament_cmake_args' from command line to 'None'
[13.562s] Level 5:colcon.colcon_core.verb:set package 'blacknav' build argument 'catkin_cmake_args' from command line to 'None'
[13.563s] Level 5:colcon.colcon_core.verb:set package 'blacknav' build argument 'catkin_skip_building_tests' from command line to 'False'
[13.566s] DEBUG:colcon.colcon_core.verb:Building package 'blacknav' with the following arguments: {'ament_cmake_args': None, 'build_base': '/home/blacknav/blacknav/build/blacknav', 'catkin_cmake_args': None, 'catkin_skip_building_tests': False, 'cmake_args': ['-DCMAKE_EXPORT_COMPILE_COMMANDS=On'], 'cmake_clean_cache': False, 'cmake_clean_first': False, 'cmake_force_configure': False, 'cmake_target': None, 'cmake_target_skip_unavailable': False, 'install_base': '/home/blacknav/blacknav/install/blacknav', 'merge_install': False, 'path': '/home/blacknav/blacknav', 'symlink_install': False, 'test_result_base': None}
[13.569s] INFO:colcon.colcon_core.executor:Executing jobs using 'parallel' executor
[13.616s] DEBUG:colcon.colcon_parallel_executor.executor.parallel:run_until_complete
[13.625s] INFO:colcon.colcon_ros.task.ament_cmake.build:Building ROS package in '/home/blacknav/blacknav' with build type 'ament_cmake'
[13.630s] INFO:colcon.colcon_cmake.task.cmake.build:Building CMake package in '/home/blacknav/blacknav'
[13.733s] INFO:colcon.colcon_core.plugin_system:Skipping extension 'colcon_core.shell.bat': Not used on non-Windows systems
[13.744s] INFO:colcon.colcon_core.shell:Skip shell extension 'powershell' for command environment: Not usable outside of PowerShell
[13.746s] DEBUG:colcon.colcon_core.shell:Skip shell extension 'dsv' for command environment
[14.208s] DEBUG:colcon.colcon_core.event_handler.log_command:Invoking command in '/home/blacknav/blacknav/build/blacknav': CMAKE_PREFIX_PATH=${CMAKE_PREFIX_PATH}:/opt/ros/jazzy /usr/bin/cmake --build /home/blacknav/blacknav/build/blacknav -- -j12 -l12
[70.646s] DEBUG:colcon.colcon_core.event_handler.log_command:Invoked command in '/home/blacknav/blacknav/build/blacknav' returned '0': CMAKE_PREFIX_PATH=${CMAKE_PREFIX_PATH}:/opt/ros/jazzy /usr/bin/cmake --build /home/blacknav/blacknav/build/blacknav -- -j12 -l12
[70.878s] DEBUG:colcon.colcon_core.event_handler.log_command:Invoking command in '/home/blacknav/blacknav/build/blacknav': CMAKE_PREFIX_PATH=${CMAKE_PREFIX_PATH}:/opt/ros/jazzy /usr/bin/cmake --install /home/blacknav/blacknav/build/blacknav
[71.270s] Level 1:colcon.colcon_core.environment:create_environment_scripts_only(blacknav)
[71.522s] DEBUG:colcon.colcon_core.event_handler.log_command:Invoked command in '/home/blacknav/blacknav/build/blacknav' returned '0': CMAKE_PREFIX_PATH=${CMAKE_PREFIX_PATH}:/opt/ros/jazzy /usr/bin/cmake --install /home/blacknav/blacknav/build/blacknav
[71.613s] Level 1:colcon.colcon_core.environment:checking '/home/blacknav/blacknav/install/blacknav' for CMake module files
[71.665s] Level 1:colcon.colcon_core.environment:checking '/home/blacknav/blacknav/install/blacknav' for CMake config files
[71.677s] Level 1:colcon.colcon_core.shell:create_environment_hook('blacknav', 'cmake_prefix_path')
[71.685s] INFO:colcon.colcon_core.shell:Creating environment hook '/home/blacknav/blacknav/install/blacknav/share/blacknav/hook/cmake_prefix_path.ps1'
[71.715s] INFO:colcon.colcon_core.shell:Creating environment descriptor '/home/blacknav/blacknav/install/blacknav/share/blacknav/hook/cmake_prefix_path.dsv'
[71.737s] INFO:colcon.colcon_core.shell:Creating environment hook '/home/blacknav/blacknav/install/blacknav/share/blacknav/hook/cmake_prefix_path.sh'
[71.787s] Level 1:colcon.colcon_core.environment:checking '/home/blacknav/blacknav/install/blacknav/lib'
[71.795s] Level 1:colcon.colcon_core.environment:checking '/home/blacknav/blacknav/install/blacknav/bin'
[71.799s] Level 1:colcon.colcon_core.environment:checking '/home/blacknav/blacknav/install/blacknav/lib/pkgconfig/blacknav.pc'
[71.857s] Level 1:colcon.colcon_core.environment:checking '/home/blacknav/blacknav/install/blacknav/lib/python3.12/site-packages'
[71.868s] Level 1:colcon.colcon_core.environment:checking '/home/blacknav/blacknav/install/blacknav/bin'
[71.880s] INFO:colcon.colcon_core.shell:Creating package script '/home/blacknav/blacknav/install/blacknav/share/blacknav/package.ps1'
[71.927s] INFO:colcon.colcon_core.shell:Creating package descriptor '/home/blacknav/blacknav/install/blacknav/share/blacknav/package.dsv'
[71.958s] INFO:colcon.colcon_core.shell:Creating package script '/home/blacknav/blacknav/install/blacknav/share/blacknav/package.sh'
[72.034s] INFO:colcon.colcon_core.shell:Creating package script '/home/blacknav/blacknav/install/blacknav/share/blacknav/package.bash'
[72.086s] INFO:colcon.colcon_core.shell:Creating package script '/home/blacknav/blacknav/install/blacknav/share/blacknav/package.zsh'
[72.133s] Level 1:colcon.colcon_core.environment:create_file_with_runtime_dependencies(/home/blacknav/blacknav/install/blacknav/share/colcon-core/packages/blacknav)
[72.157s] Level 1:colcon.colcon_core.environment:create_environment_scripts_only(blacknav)
[72.164s] Level 1:colcon.colcon_core.environment:checking '/home/blacknav/blacknav/install/blacknav' for CMake module files
[72.213s] Level 1:colcon.colcon_core.environment:checking '/home/blacknav/blacknav/install/blacknav' for CMake config files
[72.223s] Level 1:colcon.colcon_core.shell:create_environment_hook('blacknav', 'cmake_prefix_path')
[72.232s] INFO:colcon.colcon_core.shell:Creating environment hook '/home/blacknav/blacknav/install/blacknav/share/blacknav/hook/cmake_prefix_path.ps1'
[72.249s] INFO:colcon.colcon_core.shell:Creating environment descriptor '/home/blacknav/blacknav/install/blacknav/share/blacknav/hook/cmake_prefix_path.dsv'
[72.264s] INFO:colcon.colcon_core.shell:Creating environment hook '/home/blacknav/blacknav/install/blacknav/share/blacknav/hook/cmake_prefix_path.sh'
[72.304s] Level 1:colcon.colcon_core.environment:checking '/home/blacknav/blacknav/install/blacknav/lib'
[72.307s] Level 1:colcon.colcon_core.environment:checking '/home/blacknav/blacknav/install/blacknav/bin'
[72.311s] Level 1:colcon.colcon_core.environment:checking '/home/blacknav/blacknav/install/blacknav/lib/pkgconfig/blacknav.pc'
[72.322s] Level 1:colcon.colcon_core.environment:checking '/home/blacknav/blacknav/install/blacknav/lib/python3.12/site-packages'
[72.334s] Level 1:colcon.colcon_core.environment:checking '/home/blacknav/blacknav/install/blacknav/bin'
[72.345s] INFO:colcon.colcon_core.shell:Creating package script '/home/blacknav/blacknav/install/blacknav/share/blacknav/package.ps1'
[72.372s] INFO:colcon.colcon_core.shell:Creating package descriptor '/home/blacknav/blacknav/install/blacknav/share/blacknav/package.dsv'
[72.401s] INFO:colcon.colcon_core.shell:Creating package script '/home/blacknav/blacknav/install/blacknav/share/blacknav/package.sh'
[72.433s] INFO:colcon.colcon_core.shell:Creating package script '/home/blacknav/blacknav/install/blacknav/share/blacknav/package.bash'
[72.458s] INFO:colcon.colcon_core.shell:Creating package script '/home/blacknav/blacknav/install/blacknav/share/blacknav/package.zsh'
[72.477s] Level 1:colcon.colcon_core.environment:create_file_with_runtime_dependencies(/home/blacknav/blacknav/install/blacknav/share/colcon-core/packages/blacknav)
[72.483s] DEBUG:colcon.colcon_parallel_executor.executor.parallel:closing loop
[72.515s] DEBUG:colcon.colcon_parallel_executor.executor.parallel:loop closed
[72.520s] DEBUG:colcon.colcon_parallel_executor.executor.parallel:run_until_complete finished with '0'
[72.523s] DEBUG:colcon.colcon_core.event_reactor:joining thread
[72.772s] INFO:colcon.colcon_core.plugin_system:Skipping extension 'colcon_notification.desktop_notification.notify_send': Could not find 'notify-send'
[72.776s] INFO:colcon.colcon_core.plugin_system:Skipping extension 'colcon_notification.desktop_notification.terminal_notifier': Not used on non-Darwin systems
[72.780s] INFO:colcon.colcon_core.plugin_system:Skipping extension 'colcon_notification.desktop_notification.win32': Not used on non-Windows systems
[72.782s] INFO:colcon.colcon_notification.desktop_notification:Sending desktop notification using 'notify2'
[72.788s] DEBUG:colcon.colcon_notification.desktop_notification.notify2:Failed to initialize notify2: org.freedesktop.DBus.Error.NotSupported: Unable to autolaunch a dbus-daemon without a $DISPLAY for X11
[72.791s] DEBUG:colcon.colcon_core.event_reactor:joined thread
[72.804s] INFO:colcon.colcon_core.shell:Creating prefix script '/home/blacknav/blacknav/install/local_setup.ps1'
[72.873s] INFO:colcon.colcon_core.shell:Creating prefix util module '/home/blacknav/blacknav/install/_local_setup_util_ps1.py'
[72.965s] INFO:colcon.colcon_core.shell:Creating prefix chain script '/home/blacknav/blacknav/install/setup.ps1'
[73.009s] INFO:colcon.colcon_core.shell:Creating prefix script '/home/blacknav/blacknav/install/local_setup.sh'
[73.038s] INFO:colcon.colcon_core.shell:Creating prefix util module '/home/blacknav/blacknav/install/_local_setup_util_sh.py'
[73.070s] INFO:colcon.colcon_core.shell:Creating prefix chain script '/home/blacknav/blacknav/install/setup.sh'
[73.119s] INFO:colcon.colcon_core.shell:Creating prefix script '/home/blacknav/blacknav/install/local_setup.bash'
[73.146s] INFO:colcon.colcon_core.shell:Creating prefix chain script '/home/blacknav/blacknav/install/setup.bash'
[73.193s] INFO:colcon.colcon_core.shell:Creating prefix script '/home/blacknav/blacknav/install/local_setup.zsh'
[73.220s] INFO:colcon.colcon_core.shell:Creating prefix chain script '/home/blacknav/blacknav/install/setup.zsh'
