[ 25%] [32mBuilding CXX object CMakeFiles/motor_controller.dir/src/motor_controller.cpp.o[0m
[ 50%] [32mBuilding CXX object CMakeFiles/odom_pub.dir/src/odom_pub.cpp.o[0m
[ 75%] [32m[1mLinking CXX executable odom_pub[0m
[ 75%] Built target odom_pub
[100%] [32m[1mLinking CXX executable motor_controller[0m
[100%] Built target motor_controller
-- Install configuration: ""
-- Installing: /home/blacknav/blacknav/install/blacknav/lib/blacknav/motor_controller
-- Set non-toolchain portion of runtime path of "/home/blacknav/blacknav/install/blacknav/lib/blacknav/motor_controller" to ""
-- Installing: /home/blacknav/blacknav/install/blacknav/lib/blacknav/odom_pub
-- Set non-toolchain portion of runtime path of "/home/blacknav/blacknav/install/blacknav/lib/blacknav/odom_pub" to ""
-- Up-to-date: /home/blacknav/blacknav/install/blacknav/share/blacknav/assets/
-- Up-to-date: /home/blacknav/blacknav/install/blacknav/share/blacknav/assets//main_body.stl
-- Up-to-date: /home/blacknav/blacknav/install/blacknav/share/blacknav/assets//plug.stl
-- Up-to-date: /home/blacknav/blacknav/install/blacknav/share/blacknav/assets//wheel_joints.stl
-- Up-to-date: /home/blacknav/blacknav/install/blacknav/share/blacknav/assets//d415.stl
-- Up-to-date: /home/blacknav/blacknav/install/blacknav/share/blacknav/assets//realsense_tripod.part
-- Up-to-date: /home/blacknav/blacknav/install/blacknav/share/blacknav/assets//caster_holder.part
-- Up-to-date: /home/blacknav/blacknav/install/blacknav/share/blacknav/assets//caster_wheel.part
-- Up-to-date: /home/blacknav/blacknav/install/blacknav/share/blacknav/assets//right_wheel.stl
-- Up-to-date: /home/blacknav/blacknav/install/blacknav/share/blacknav/assets//left_wheel.stl
-- Up-to-date: /home/blacknav/blacknav/install/blacknav/share/blacknav/assets//left_wheel.part
-- Up-to-date: /home/blacknav/blacknav/install/blacknav/share/blacknav/assets//right_wheel.part
-- Up-to-date: /home/blacknav/blacknav/install/blacknav/share/blacknav/assets//main_body.part
-- Up-to-date: /home/blacknav/blacknav/install/blacknav/share/blacknav/assets//caster_wheel.stl
-- Up-to-date: /home/blacknav/blacknav/install/blacknav/share/blacknav/assets//realsense_tripod.stl
-- Up-to-date: /home/blacknav/blacknav/install/blacknav/share/blacknav/assets//plug_collision.stl
-- Up-to-date: /home/blacknav/blacknav/install/blacknav/share/blacknav/assets//caster_holder.stl
-- Up-to-date: /home/blacknav/blacknav/install/blacknav/share/blacknav/assets//wheel_joints.part
-- Up-to-date: /home/blacknav/blacknav/install/blacknav/share/ament_index/resource_index/package_run_dependencies/blacknav
-- Up-to-date: /home/blacknav/blacknav/install/blacknav/share/ament_index/resource_index/parent_prefix_path/blacknav
-- Up-to-date: /home/blacknav/blacknav/install/blacknav/share/blacknav/environment/ament_prefix_path.sh
-- Up-to-date: /home/blacknav/blacknav/install/blacknav/share/blacknav/environment/ament_prefix_path.dsv
-- Up-to-date: /home/blacknav/blacknav/install/blacknav/share/blacknav/environment/path.sh
-- Up-to-date: /home/blacknav/blacknav/install/blacknav/share/blacknav/environment/path.dsv
-- Up-to-date: /home/blacknav/blacknav/install/blacknav/share/blacknav/local_setup.bash
-- Up-to-date: /home/blacknav/blacknav/install/blacknav/share/blacknav/local_setup.sh
-- Up-to-date: /home/blacknav/blacknav/install/blacknav/share/blacknav/local_setup.zsh
-- Up-to-date: /home/blacknav/blacknav/install/blacknav/share/blacknav/local_setup.dsv
-- Installing: /home/blacknav/blacknav/install/blacknav/share/blacknav/package.dsv
-- Up-to-date: /home/blacknav/blacknav/install/blacknav/share/ament_index/resource_index/packages/blacknav
-- Up-to-date: /home/blacknav/blacknav/install/blacknav/share/blacknav/cmake/blacknavConfig.cmake
-- Up-to-date: /home/blacknav/blacknav/install/blacknav/share/blacknav/cmake/blacknavConfig-version.cmake
-- Up-to-date: /home/blacknav/blacknav/install/blacknav/share/blacknav/package.xml
