[0.526s] Invoking command in '/home/blacknav/blacknav/build/blacknav': CMAKE_PREFIX_PATH=${CMAKE_PREFIX_PATH}:/opt/ros/jazzy /usr/bin/cmake --build /home/blacknav/blacknav/build/blacknav -- -j12 -l12
[2.045s] [ 25%] [32mBuilding CXX object CMakeFiles/motor_controller.dir/src/motor_controller.cpp.o[0m
[2.248s] [ 50%] [32mBuilding CXX object CMakeFiles/odom_pub.dir/src/odom_pub.cpp.o[0m
[21.314s] [01m[K/home/blacknav/blacknav/src/motor_controller.cpp:[m[K In member function ‘[01m[Kvoid TwistSubscriber::[01;32m[Ktwist_callback[m[K(geometry_msgs::msg::Twist_<std::allocator<void> >::SharedPtr) const[m[K’:
[21.320s] [01m[K/home/blacknav/blacknav/src/motor_controller.cpp:60:33:[m[K [01;35m[Kwarning: [m[Knarrowing conversion of ‘[01m[K((theta_dot_L >> 8) & 255)[m[K’ from ‘[01m[Kint[m[K’ to ‘[01m[Kchar[m[K’ [[01;35m[K-Wnarrowing[m[K]
[21.330s]    60 |             [01;35m[K((theta_dot_L >> 8) & 0xFF)[m[K,
[21.337s]       |             [01;35m[K~~~~~~~~~~~~~~~~~~~~^~~~~~~[m[K
[21.344s] [01m[K/home/blacknav/blacknav/src/motor_controller.cpp:61:26:[m[K [01;35m[Kwarning: [m[Knarrowing conversion of ‘[01m[K(theta_dot_L & 255)[m[K’ from ‘[01m[Kint[m[K’ to ‘[01m[Kchar[m[K’ [[01;35m[K-Wnarrowing[m[K]
[21.353s]    61 |             [01;35m[K(theta_dot_L & 0xFF)[m[K
[21.359s]       |             [01;35m[K~~~~~~~~~~~~~^~~~~~~[m[K
[21.366s] [01m[K/home/blacknav/blacknav/src/motor_controller.cpp:68:33:[m[K [01;35m[Kwarning: [m[Knarrowing conversion of ‘[01m[K((theta_dot_R >> 8) & 255)[m[K’ from ‘[01m[Kint[m[K’ to ‘[01m[Kchar[m[K’ [[01;35m[K-Wnarrowing[m[K]
[21.373s]    68 |             [01;35m[K((theta_dot_R >> 8) & 0xFF)[m[K,
[21.379s]       |             [01;35m[K~~~~~~~~~~~~~~~~~~~~^~~~~~~[m[K
[21.385s] [01m[K/home/blacknav/blacknav/src/motor_controller.cpp:69:27:[m[K [01;35m[Kwarning: [m[Knarrowing conversion of ‘[01m[K(theta_dot_R & 255)[m[K’ from ‘[01m[Kint[m[K’ to ‘[01m[Kchar[m[K’ [[01;35m[K-Wnarrowing[m[K]
[21.392s]    69 |             [01;35m[K(theta_dot_R  & 0xFF)[m[K
[21.398s]       |             [01;35m[K~~~~~~~~~~~~~~^~~~~~~[m[K
[29.543s] [01m[K/home/blacknav/blacknav/src/odom_pub.cpp:[m[K In member function ‘[01m[Kdouble OdomPublisher::[01;32m[Kget_encoder_radians[m[K(unsigned int)[m[K’:
[29.550s] [01m[K/home/blacknav/blacknav/src/odom_pub.cpp:110:13:[m[K [01;35m[Kwarning: [m[Knarrowing conversion of ‘[01m[Kmessage_type[m[K’ from ‘[01m[Kunsigned int[m[K’ to ‘[01m[Kchar[m[K’ [[01;35m[K-Wnarrowing[m[K]
[29.556s]   110 |             [01;35m[Kmessage_type[m[K,
[29.563s]       |             [01;35m[K^~~~~~~~~~~~[m[K
[50.537s] [ 75%] [32m[1mLinking CXX executable odom_pub[0m
[52.114s] [ 75%] Built target odom_pub
[66.415s] [100%] [32m[1mLinking CXX executable motor_controller[0m
[68.276s] [100%] Built target motor_controller
[68.472s] Invoked command in '/home/blacknav/blacknav/build/blacknav' returned '0': CMAKE_PREFIX_PATH=${CMAKE_PREFIX_PATH}:/opt/ros/jazzy /usr/bin/cmake --build /home/blacknav/blacknav/build/blacknav -- -j12 -l12
[68.673s] Invoking command in '/home/blacknav/blacknav/build/blacknav': CMAKE_PREFIX_PATH=${CMAKE_PREFIX_PATH}:/opt/ros/jazzy /usr/bin/cmake --install /home/blacknav/blacknav/build/blacknav
[68.864s] -- Install configuration: ""
[68.878s] -- Installing: /home/blacknav/blacknav/install/blacknav/lib/blacknav/motor_controller
[68.901s] -- Set non-toolchain portion of runtime path of "/home/blacknav/blacknav/install/blacknav/lib/blacknav/motor_controller" to ""
[68.914s] -- Installing: /home/blacknav/blacknav/install/blacknav/lib/blacknav/odom_pub
[68.932s] -- Set non-toolchain portion of runtime path of "/home/blacknav/blacknav/install/blacknav/lib/blacknav/odom_pub" to ""
[68.951s] -- Up-to-date: /home/blacknav/blacknav/install/blacknav/share/blacknav/assets/
[68.978s] -- Up-to-date: /home/blacknav/blacknav/install/blacknav/share/blacknav/assets//main_body.stl
[69.007s] -- Up-to-date: /home/blacknav/blacknav/install/blacknav/share/blacknav/assets//plug.stl
[69.013s] -- Up-to-date: /home/blacknav/blacknav/install/blacknav/share/blacknav/assets//wheel_joints.stl
[69.019s] -- Up-to-date: /home/blacknav/blacknav/install/blacknav/share/blacknav/assets//d415.stl
[69.024s] -- Up-to-date: /home/blacknav/blacknav/install/blacknav/share/blacknav/assets//realsense_tripod.part
[69.030s] -- Up-to-date: /home/blacknav/blacknav/install/blacknav/share/blacknav/assets//caster_holder.part
[69.036s] -- Up-to-date: /home/blacknav/blacknav/install/blacknav/share/blacknav/assets//caster_wheel.part
[69.050s] -- Up-to-date: /home/blacknav/blacknav/install/blacknav/share/blacknav/assets//right_wheel.stl
[69.056s] -- Up-to-date: /home/blacknav/blacknav/install/blacknav/share/blacknav/assets//left_wheel.stl
[69.062s] -- Up-to-date: /home/blacknav/blacknav/install/blacknav/share/blacknav/assets//left_wheel.part
[69.069s] -- Up-to-date: /home/blacknav/blacknav/install/blacknav/share/blacknav/assets//right_wheel.part
[69.075s] -- Up-to-date: /home/blacknav/blacknav/install/blacknav/share/blacknav/assets//main_body.part
[69.081s] -- Up-to-date: /home/blacknav/blacknav/install/blacknav/share/blacknav/assets//caster_wheel.stl
[69.086s] -- Up-to-date: /home/blacknav/blacknav/install/blacknav/share/blacknav/assets//realsense_tripod.stl
[69.092s] -- Up-to-date: /home/blacknav/blacknav/install/blacknav/share/blacknav/assets//plug_collision.stl
[69.098s] -- Up-to-date: /home/blacknav/blacknav/install/blacknav/share/blacknav/assets//caster_holder.stl
[69.104s] -- Up-to-date: /home/blacknav/blacknav/install/blacknav/share/blacknav/assets//wheel_joints.part
[69.110s] -- Up-to-date: /home/blacknav/blacknav/install/blacknav/share/ament_index/resource_index/package_run_dependencies/blacknav
[69.116s] -- Up-to-date: /home/blacknav/blacknav/install/blacknav/share/ament_index/resource_index/parent_prefix_path/blacknav
[69.122s] -- Up-to-date: /home/blacknav/blacknav/install/blacknav/share/blacknav/environment/ament_prefix_path.sh
[69.127s] -- Up-to-date: /home/blacknav/blacknav/install/blacknav/share/blacknav/environment/ament_prefix_path.dsv
[69.133s] -- Up-to-date: /home/blacknav/blacknav/install/blacknav/share/blacknav/environment/path.sh
[69.139s] -- Up-to-date: /home/blacknav/blacknav/install/blacknav/share/blacknav/environment/path.dsv
[69.148s] -- Up-to-date: /home/blacknav/blacknav/install/blacknav/share/blacknav/local_setup.bash
[69.154s] -- Up-to-date: /home/blacknav/blacknav/install/blacknav/share/blacknav/local_setup.sh
[69.161s] -- Up-to-date: /home/blacknav/blacknav/install/blacknav/share/blacknav/local_setup.zsh
[69.169s] -- Up-to-date: /home/blacknav/blacknav/install/blacknav/share/blacknav/local_setup.dsv
[69.176s] -- Installing: /home/blacknav/blacknav/install/blacknav/share/blacknav/package.dsv
[69.181s] -- Up-to-date: /home/blacknav/blacknav/install/blacknav/share/ament_index/resource_index/packages/blacknav
[69.187s] -- Up-to-date: /home/blacknav/blacknav/install/blacknav/share/blacknav/cmake/blacknavConfig.cmake
[69.193s] -- Up-to-date: /home/blacknav/blacknav/install/blacknav/share/blacknav/cmake/blacknavConfig-version.cmake
[69.199s] -- Up-to-date: /home/blacknav/blacknav/install/blacknav/share/blacknav/package.xml
[69.206s] Invoked command in '/home/blacknav/blacknav/build/blacknav' returned '0': CMAKE_PREFIX_PATH=${CMAKE_PREFIX_PATH}:/opt/ros/jazzy /usr/bin/cmake --install /home/blacknav/blacknav/build/blacknav
