[6.475s] DEBUG:colcon:Command line arguments: ['/usr/bin/colcon', 'build', '--cmake-args', '-DCMAKE_EXPORT_COMPILE_COMMANDS=On']
[6.481s] DEBUG:colcon:Parsed command line arguments: Namespace(log_base=None, log_level=None, verb_name='build', build_base='build', install_base='install', merge_install=False, symlink_install=False, test_result_base=None, continue_on_error=False, executor='parallel', parallel_workers=12, event_handlers=None, ignore_user_meta=False, metas=['./colcon.meta'], base_paths=['.'], packages_ignore=None, packages_ignore_regex=None, paths=None, packages_up_to=None, packages_up_to_regex=None, packages_above=None, packages_above_and_dependencies=None, packages_above_depth=None, packages_select_by_dep=None, packages_skip_by_dep=None, packages_skip_up_to=None, packages_select_build_failed=False, packages_skip_build_finished=False, packages_select_test_failures=False, packages_skip_test_passed=False, packages_select=None, packages_skip=None, packages_select_regex=None, packages_skip_regex=None, packages_start=None, packages_end=None, cmake_args=['-DCMAKE_EXPORT_COMPILE_COMMANDS=On'], cmake_target=None, cmake_target_skip_unavailable=False, cmake_clean_cache=False, cmake_clean_first=False, cmake_force_configure=False, ament_cmake_args=None, catkin_cmake_args=None, catkin_skip_building_tests=False, mixin_files=None, mixin=None, verb_parser=<colcon_mixin.mixin.mixin_argument.MixinArgumentDecorator object at 0x7fbd71779070>, verb_extension=<colcon_core.verb.build.BuildVerb object at 0x7fbd71778f80>, main=<bound method BuildVerb.main of <colcon_core.verb.build.BuildVerb object at 0x7fbd71778f80>>, mixin_verb=('build',))
[8.794s] Level 1:colcon.colcon_core.package_discovery:discover_packages(colcon_meta) check parameters
[8.798s] Level 1:colcon.colcon_core.package_discovery:discover_packages(recursive) check parameters
[8.799s] Level 1:colcon.colcon_core.package_discovery:discover_packages(ignore) check parameters
[8.801s] Level 1:colcon.colcon_core.package_discovery:discover_packages(path) check parameters
[8.802s] Level 1:colcon.colcon_core.package_discovery:discover_packages(colcon_meta) discover
[8.805s] Level 1:colcon.colcon_core.package_discovery:discover_packages(recursive) discover
[8.807s] INFO:colcon.colcon_core.package_discovery:Crawling recursively for packages in '/home/blacknav/blacknav'
[8.811s] Level 1:colcon.colcon_core.package_identification:_identify(.) by extensions ['ignore', 'ignore_ament_install']
[8.817s] Level 1:colcon.colcon_core.package_identification:_identify(.) by extension 'ignore'
[8.820s] Level 1:colcon.colcon_core.package_identification:_identify(.) by extension 'ignore_ament_install'
[8.823s] Level 1:colcon.colcon_core.package_identification:_identify(.) by extensions ['colcon_pkg']
[8.825s] Level 1:colcon.colcon_core.package_identification:_identify(.) by extension 'colcon_pkg'
[8.827s] Level 1:colcon.colcon_core.package_identification:_identify(.) by extensions ['colcon_meta']
[8.828s] Level 1:colcon.colcon_core.package_identification:_identify(.) by extension 'colcon_meta'
[8.830s] Level 1:colcon.colcon_core.package_identification:_identify(.) by extensions ['ros']
[8.832s] Level 1:colcon.colcon_core.package_identification:_identify(.) by extension 'ros'
[10.860s] DEBUG:colcon.colcon_core.package_identification:Package '.' with type 'ros.ament_cmake' and name 'blacknav'
[10.862s] Level 1:colcon.colcon_core.package_discovery:discover_packages(recursive) using defaults
[10.866s] Level 1:colcon.colcon_core.package_discovery:discover_packages(ignore) discover
[10.867s] Level 1:colcon.colcon_core.package_discovery:discover_packages(ignore) using defaults
[10.868s] Level 1:colcon.colcon_core.package_discovery:discover_packages(path) discover
[10.869s] Level 1:colcon.colcon_core.package_discovery:discover_packages(path) using defaults
[11.971s] Level 5:colcon.colcon_core.verb:set package 'blacknav' build argument 'cmake_args' from command line to '['-DCMAKE_EXPORT_COMPILE_COMMANDS=On']'
[11.972s] Level 5:colcon.colcon_core.verb:set package 'blacknav' build argument 'cmake_target' from command line to 'None'
[11.974s] Level 5:colcon.colcon_core.verb:set package 'blacknav' build argument 'cmake_target_skip_unavailable' from command line to 'False'
[11.975s] Level 5:colcon.colcon_core.verb:set package 'blacknav' build argument 'cmake_clean_cache' from command line to 'False'
[11.977s] Level 5:colcon.colcon_core.verb:set package 'blacknav' build argument 'cmake_clean_first' from command line to 'False'
[11.978s] Level 5:colcon.colcon_core.verb:set package 'blacknav' build argument 'cmake_force_configure' from command line to 'False'
[11.980s] Level 5:colcon.colcon_core.verb:set package 'blacknav' build argument 'ament_cmake_args' from command line to 'None'
[11.981s] Level 5:colcon.colcon_core.verb:set package 'blacknav' build argument 'catkin_cmake_args' from command line to 'None'
[11.982s] Level 5:colcon.colcon_core.verb:set package 'blacknav' build argument 'catkin_skip_building_tests' from command line to 'False'
[11.985s] DEBUG:colcon.colcon_core.verb:Building package 'blacknav' with the following arguments: {'ament_cmake_args': None, 'build_base': '/home/blacknav/blacknav/build/blacknav', 'catkin_cmake_args': None, 'catkin_skip_building_tests': False, 'cmake_args': ['-DCMAKE_EXPORT_COMPILE_COMMANDS=On'], 'cmake_clean_cache': False, 'cmake_clean_first': False, 'cmake_force_configure': False, 'cmake_target': None, 'cmake_target_skip_unavailable': False, 'install_base': '/home/blacknav/blacknav/install/blacknav', 'merge_install': False, 'path': '/home/blacknav/blacknav', 'symlink_install': False, 'test_result_base': None}
[11.989s] INFO:colcon.colcon_core.executor:Executing jobs using 'parallel' executor
[12.022s] DEBUG:colcon.colcon_parallel_executor.executor.parallel:run_until_complete
[12.039s] INFO:colcon.colcon_ros.task.ament_cmake.build:Building ROS package in '/home/blacknav/blacknav' with build type 'ament_cmake'
[12.043s] INFO:colcon.colcon_cmake.task.cmake.build:Building CMake package in '/home/blacknav/blacknav'
[12.137s] INFO:colcon.colcon_core.plugin_system:Skipping extension 'colcon_core.shell.bat': Not used on non-Windows systems
[12.147s] INFO:colcon.colcon_core.shell:Skip shell extension 'powershell' for command environment: Not usable outside of PowerShell
[12.148s] DEBUG:colcon.colcon_core.shell:Skip shell extension 'dsv' for command environment
[12.605s] DEBUG:colcon.colcon_core.event_handler.log_command:Invoking command in '/home/blacknav/blacknav/build/blacknav': CMAKE_PREFIX_PATH=${CMAKE_PREFIX_PATH}:/opt/ros/jazzy /usr/bin/cmake --build /home/blacknav/blacknav/build/blacknav -- -j12 -l12
[60.685s] DEBUG:colcon.colcon_core.event_handler.log_command:Invoked command in '/home/blacknav/blacknav/build/blacknav' returned '0': CMAKE_PREFIX_PATH=${CMAKE_PREFIX_PATH}:/opt/ros/jazzy /usr/bin/cmake --build /home/blacknav/blacknav/build/blacknav -- -j12 -l12
[60.894s] DEBUG:colcon.colcon_core.event_handler.log_command:Invoking command in '/home/blacknav/blacknav/build/blacknav': CMAKE_PREFIX_PATH=${CMAKE_PREFIX_PATH}:/opt/ros/jazzy /usr/bin/cmake --install /home/blacknav/blacknav/build/blacknav
[61.167s] Level 1:colcon.colcon_core.environment:create_environment_scripts_only(blacknav)
[61.407s] DEBUG:colcon.colcon_core.event_handler.log_command:Invoked command in '/home/blacknav/blacknav/build/blacknav' returned '0': CMAKE_PREFIX_PATH=${CMAKE_PREFIX_PATH}:/opt/ros/jazzy /usr/bin/cmake --install /home/blacknav/blacknav/build/blacknav
[61.486s] Level 1:colcon.colcon_core.environment:checking '/home/blacknav/blacknav/install/blacknav' for CMake module files
[61.531s] Level 1:colcon.colcon_core.environment:checking '/home/blacknav/blacknav/install/blacknav' for CMake config files
[61.542s] Level 1:colcon.colcon_core.shell:create_environment_hook('blacknav', 'cmake_prefix_path')
[61.549s] INFO:colcon.colcon_core.shell:Creating environment hook '/home/blacknav/blacknav/install/blacknav/share/blacknav/hook/cmake_prefix_path.ps1'
[61.582s] INFO:colcon.colcon_core.shell:Creating environment descriptor '/home/blacknav/blacknav/install/blacknav/share/blacknav/hook/cmake_prefix_path.dsv'
[61.601s] INFO:colcon.colcon_core.shell:Creating environment hook '/home/blacknav/blacknav/install/blacknav/share/blacknav/hook/cmake_prefix_path.sh'
[61.643s] Level 1:colcon.colcon_core.environment:checking '/home/blacknav/blacknav/install/blacknav/lib'
[61.650s] Level 1:colcon.colcon_core.environment:checking '/home/blacknav/blacknav/install/blacknav/bin'
[61.653s] Level 1:colcon.colcon_core.environment:checking '/home/blacknav/blacknav/install/blacknav/lib/pkgconfig/blacknav.pc'
[61.707s] Level 1:colcon.colcon_core.environment:checking '/home/blacknav/blacknav/install/blacknav/lib/python3.12/site-packages'
[61.716s] Level 1:colcon.colcon_core.environment:checking '/home/blacknav/blacknav/install/blacknav/bin'
[61.727s] INFO:colcon.colcon_core.shell:Creating package script '/home/blacknav/blacknav/install/blacknav/share/blacknav/package.ps1'
[61.766s] INFO:colcon.colcon_core.shell:Creating package descriptor '/home/blacknav/blacknav/install/blacknav/share/blacknav/package.dsv'
[61.796s] INFO:colcon.colcon_core.shell:Creating package script '/home/blacknav/blacknav/install/blacknav/share/blacknav/package.sh'
[61.835s] INFO:colcon.colcon_core.shell:Creating package script '/home/blacknav/blacknav/install/blacknav/share/blacknav/package.bash'
[61.873s] INFO:colcon.colcon_core.shell:Creating package script '/home/blacknav/blacknav/install/blacknav/share/blacknav/package.zsh'
[61.910s] Level 1:colcon.colcon_core.environment:create_file_with_runtime_dependencies(/home/blacknav/blacknav/install/blacknav/share/colcon-core/packages/blacknav)
[61.931s] Level 1:colcon.colcon_core.environment:create_environment_scripts_only(blacknav)
[61.938s] Level 1:colcon.colcon_core.environment:checking '/home/blacknav/blacknav/install/blacknav' for CMake module files
[61.979s] Level 1:colcon.colcon_core.environment:checking '/home/blacknav/blacknav/install/blacknav' for CMake config files
[61.989s] Level 1:colcon.colcon_core.shell:create_environment_hook('blacknav', 'cmake_prefix_path')
[61.996s] INFO:colcon.colcon_core.shell:Creating environment hook '/home/blacknav/blacknav/install/blacknav/share/blacknav/hook/cmake_prefix_path.ps1'
[62.017s] INFO:colcon.colcon_core.shell:Creating environment descriptor '/home/blacknav/blacknav/install/blacknav/share/blacknav/hook/cmake_prefix_path.dsv'
[62.031s] INFO:colcon.colcon_core.shell:Creating environment hook '/home/blacknav/blacknav/install/blacknav/share/blacknav/hook/cmake_prefix_path.sh'
[62.058s] Level 1:colcon.colcon_core.environment:checking '/home/blacknav/blacknav/install/blacknav/lib'
[62.062s] Level 1:colcon.colcon_core.environment:checking '/home/blacknav/blacknav/install/blacknav/bin'
[62.065s] Level 1:colcon.colcon_core.environment:checking '/home/blacknav/blacknav/install/blacknav/lib/pkgconfig/blacknav.pc'
[62.074s] Level 1:colcon.colcon_core.environment:checking '/home/blacknav/blacknav/install/blacknav/lib/python3.12/site-packages'
[62.083s] Level 1:colcon.colcon_core.environment:checking '/home/blacknav/blacknav/install/blacknav/bin'
[62.095s] INFO:colcon.colcon_core.shell:Creating package script '/home/blacknav/blacknav/install/blacknav/share/blacknav/package.ps1'
[62.122s] INFO:colcon.colcon_core.shell:Creating package descriptor '/home/blacknav/blacknav/install/blacknav/share/blacknav/package.dsv'
[62.155s] INFO:colcon.colcon_core.shell:Creating package script '/home/blacknav/blacknav/install/blacknav/share/blacknav/package.sh'
[62.183s] INFO:colcon.colcon_core.shell:Creating package script '/home/blacknav/blacknav/install/blacknav/share/blacknav/package.bash'
[62.205s] INFO:colcon.colcon_core.shell:Creating package script '/home/blacknav/blacknav/install/blacknav/share/blacknav/package.zsh'
[62.226s] Level 1:colcon.colcon_core.environment:create_file_with_runtime_dependencies(/home/blacknav/blacknav/install/blacknav/share/colcon-core/packages/blacknav)
[62.233s] DEBUG:colcon.colcon_parallel_executor.executor.parallel:closing loop
[62.235s] DEBUG:colcon.colcon_parallel_executor.executor.parallel:loop closed
[62.237s] DEBUG:colcon.colcon_parallel_executor.executor.parallel:run_until_complete finished with '0'
[62.238s] DEBUG:colcon.colcon_core.event_reactor:joining thread
[62.462s] INFO:colcon.colcon_core.plugin_system:Skipping extension 'colcon_notification.desktop_notification.notify_send': Could not find 'notify-send'
[62.466s] INFO:colcon.colcon_core.plugin_system:Skipping extension 'colcon_notification.desktop_notification.terminal_notifier': Not used on non-Darwin systems
[62.469s] INFO:colcon.colcon_core.plugin_system:Skipping extension 'colcon_notification.desktop_notification.win32': Not used on non-Windows systems
[62.471s] INFO:colcon.colcon_notification.desktop_notification:Sending desktop notification using 'notify2'
[62.476s] DEBUG:colcon.colcon_notification.desktop_notification.notify2:Failed to initialize notify2: org.freedesktop.DBus.Error.NotSupported: Unable to autolaunch a dbus-daemon without a $DISPLAY for X11
[62.478s] DEBUG:colcon.colcon_core.event_reactor:joined thread
[62.485s] INFO:colcon.colcon_core.shell:Creating prefix script '/home/blacknav/blacknav/install/local_setup.ps1'
[62.531s] INFO:colcon.colcon_core.shell:Creating prefix util module '/home/blacknav/blacknav/install/_local_setup_util_ps1.py'
[62.610s] INFO:colcon.colcon_core.shell:Creating prefix chain script '/home/blacknav/blacknav/install/setup.ps1'
[62.650s] INFO:colcon.colcon_core.shell:Creating prefix script '/home/blacknav/blacknav/install/local_setup.sh'
[62.676s] INFO:colcon.colcon_core.shell:Creating prefix util module '/home/blacknav/blacknav/install/_local_setup_util_sh.py'
[62.706s] INFO:colcon.colcon_core.shell:Creating prefix chain script '/home/blacknav/blacknav/install/setup.sh'
[62.750s] INFO:colcon.colcon_core.shell:Creating prefix script '/home/blacknav/blacknav/install/local_setup.bash'
[62.772s] INFO:colcon.colcon_core.shell:Creating prefix chain script '/home/blacknav/blacknav/install/setup.bash'
[62.812s] INFO:colcon.colcon_core.shell:Creating prefix script '/home/blacknav/blacknav/install/local_setup.zsh'
[62.834s] INFO:colcon.colcon_core.shell:Creating prefix chain script '/home/blacknav/blacknav/install/setup.zsh'
