[01m[K/home/blacknav/blacknav/src/odom_pub.cpp:[m[K In constructor ‘[01m[KOdomPublisher::[01;32m[KOdomPublisher[m[K()[m[K’:
[01m[K/home/blacknav/blacknav/src/odom_pub.cpp:49:27:[m[K [01;35m[Kwarning: [m[Kcomparison of unsigned expression in ‘[01m[K< 0[m[K’ is always false [[01;35m[K-Wtype-limits[m[K]
   49 |         if ([01;35m[Kpigpio_handle < 0[m[K) {
      |             [01;35m[K~~~~~~~~~~~~~~^~~[m[K
[01m[K/home/blacknav/blacknav/src/odom_pub.cpp:54:24:[m[K [01;35m[Kwarning: [m[Kcomparison of unsigned expression in ‘[01m[K< 0[m[K’ is always false [[01;35m[K-Wtype-limits[m[K]
   54 |         if ([01;35m[Kspi_handle < 0[m[K) {
      |             [01;35m[K~~~~~~~~~~~^~~[m[K
[01m[K/home/blacknav/blacknav/src/odom_pub.cpp:[m[K In member function ‘[01m[Kdouble OdomPublisher::[01;32m[Kget_encoder_radians[m[K(unsigned int)[m[K’:
[01m[K/home/blacknav/blacknav/src/odom_pub.cpp:92:13:[m[K [01;35m[Kwarning: [m[Knarrowing conversion of ‘[01m[Kmessage_type[m[K’ from ‘[01m[Kunsigned int[m[K’ to ‘[01m[Kchar[m[K’ [[01;35m[K-Wnarrowing[m[K]
   92 |             [01;35m[Kmessage_type[m[K,
      |             [01;35m[K^~~~~~~~~~~~[m[K
[01m[K/home/blacknav/blacknav/src/odom_pub.cpp:[m[K In function ‘[01m[Kint[01;32m[K main[m[K(int, char**)[m[K’:
[01m[K/home/blacknav/blacknav/src/odom_pub.cpp:161:17:[m[K [01;31m[Kerror: [m[Kno matching function for call to ‘[01m[Kspin(std::shared_ptr<OdomPublisher>)[m[K’
  161 |     [01;31m[Krclcpp::spin(std::make_shared<OdomPublisher>())[m[K;
      |     [01;31m[K~~~~~~~~~~~~^~~~~~~~~~~~~~~~~~~~~~~~~~~~~~~~~~~[m[K
In file included from [01m[K/opt/ros/jazzy/include/rclcpp/rclcpp/rclcpp.hpp:172[m[K,
                 from [01m[K/home/blacknav/blacknav/src/odom_pub.cpp:9[m[K:
[01m[K/opt/ros/jazzy/include/rclcpp/rclcpp/executors.hpp:58:1:[m[K [01;36m[Knote: [m[Kcandidate: ‘[01m[Kvoid rclcpp::[01;32m[Kspin[m[K(node_interfaces::NodeBaseInterface::SharedPtr)[m[K’
   58 | [01;36m[Kspin[m[K(rclcpp::node_interfaces::NodeBaseInterface::SharedPtr node_ptr);
      | [01;36m[K^~~~[m[K
[01m[K/opt/ros/jazzy/include/rclcpp/rclcpp/executors.hpp:58:60:[m[K [01;36m[Knote: [m[K  no known conversion for argument 1 from ‘[01m[Kshared_ptr<[01;32m[KOdomPublisher[m[K>[m[K’ to ‘[01m[Kshared_ptr<[01;32m[Krclcpp::node_interfaces::NodeBaseInterface[m[K>[m[K’
   58 | spin([01;36m[Krclcpp::node_interfaces::NodeBaseInterface::SharedPtr node_ptr[m[K);
      |      [01;36m[K~~~~~~~~~~~~~~~~~~~~~~~~~~~~~~~~~~~~~~~~~~~~~~~~~~~~~~^~~~~~~~[m[K
[01m[K/opt/ros/jazzy/include/rclcpp/rclcpp/executors.hpp:62:1:[m[K [01;36m[Knote: [m[Kcandidate: ‘[01m[Kvoid rclcpp::[01;32m[Kspin[m[K(Node::SharedPtr)[m[K’
   62 | [01;36m[Kspin[m[K(rclcpp::Node::SharedPtr node_ptr);
      | [01;36m[K^~~~[m[K
[01m[K/opt/ros/jazzy/include/rclcpp/rclcpp/executors.hpp:62:30:[m[K [01;36m[Knote: [m[K  no known conversion for argument 1 from ‘[01m[Kshared_ptr<[01;32m[KOdomPublisher[m[K>[m[K’ to ‘[01m[Kshared_ptr<[01;32m[Krclcpp::Node[m[K>[m[K’
   62 | spin([01;36m[Krclcpp::Node::SharedPtr node_ptr[m[K);
      |      [01;36m[K~~~~~~~~~~~~~~~~~~~~~~~~^~~~~~~~[m[K
gmake[2]: *** [CMakeFiles/odom_pub.dir/build.make:76: CMakeFiles/odom_pub.dir/src/odom_pub.cpp.o] Error 1
gmake[1]: *** [CMakeFiles/Makefile2:165: CMakeFiles/odom_pub.dir/all] Error 2
gmake: *** [Makefile:146: all] Error 2
