[0.550s] Invoking command in '/home/blacknav/blacknav/build/blacknav': CMAKE_PREFIX_PATH=${CMAKE_PREFIX_PATH}:/opt/ros/jazzy /usr/bin/cmake --build /home/blacknav/blacknav/build/blacknav -- -j12 -l12
[2.051s] [ 50%] Built target motor_controller
[2.227s] [ 75%] [32mBuilding CXX object CMakeFiles/odom_pub.dir/src/odom_pub.cpp.o[0m
[27.496s] [01m[K/home/blacknav/blacknav/src/odom_pub.cpp:[m[K In member function ‘[01m[Kdouble OdomPublisher::[01;32m[Kget_encoder_radians[m[K(unsigned int)[m[K’:
[27.502s] [01m[K/home/blacknav/blacknav/src/odom_pub.cpp:118:13:[m[K [01;35m[Kwarning: [m[Knarrowing conversion of ‘[01m[Kmessage_type[m[K’ from ‘[01m[Kunsigned int[m[K’ to ‘[01m[Kchar[m[K’ [[01;35m[K-Wnarrowing[m[K]
[27.508s]   118 |             [01;35m[Kmessage_type[m[K,
[27.519s]       |             [01;35m[K^~~~~~~~~~~~[m[K
[46.992s] [100%] [32m[1mLinking CXX executable odom_pub[0m
[48.447s] [100%] Built target odom_pub
[48.630s] Invoked command in '/home/blacknav/blacknav/build/blacknav' returned '0': CMAKE_PREFIX_PATH=${CMAKE_PREFIX_PATH}:/opt/ros/jazzy /usr/bin/cmake --build /home/blacknav/blacknav/build/blacknav -- -j12 -l12
[48.839s] Invoking command in '/home/blacknav/blacknav/build/blacknav': CMAKE_PREFIX_PATH=${CMAKE_PREFIX_PATH}:/opt/ros/jazzy /usr/bin/cmake --install /home/blacknav/blacknav/build/blacknav
[49.027s] -- Install configuration: ""
[49.040s] -- Up-to-date: /home/blacknav/blacknav/install/blacknav/lib/blacknav/motor_controller
[49.050s] -- Installing: /home/blacknav/blacknav/install/blacknav/lib/blacknav/odom_pub
[49.061s] -- Set non-toolchain portion of runtime path of "/home/blacknav/blacknav/install/blacknav/lib/blacknav/odom_pub" to ""
[49.068s] -- Up-to-date: /home/blacknav/blacknav/install/blacknav/share/blacknav/assets/
[49.088s] -- Up-to-date: /home/blacknav/blacknav/install/blacknav/share/blacknav/assets//main_body.stl
[49.107s] -- Up-to-date: /home/blacknav/blacknav/install/blacknav/share/blacknav/assets//plug.stl
[49.123s] -- Up-to-date: /home/blacknav/blacknav/install/blacknav/share/blacknav/assets//wheel_joints.stl
[49.129s] -- Up-to-date: /home/blacknav/blacknav/install/blacknav/share/blacknav/assets//d415.stl
[49.138s] -- Up-to-date: /home/blacknav/blacknav/install/blacknav/share/blacknav/assets//realsense_tripod.part
[49.144s] -- Up-to-date: /home/blacknav/blacknav/install/blacknav/share/blacknav/assets//caster_holder.part
[49.150s] -- Up-to-date: /home/blacknav/blacknav/install/blacknav/share/blacknav/assets//caster_wheel.part
[49.156s] -- Up-to-date: /home/blacknav/blacknav/install/blacknav/share/blacknav/assets//right_wheel.stl
[49.178s] -- Up-to-date: /home/blacknav/blacknav/install/blacknav/share/blacknav/assets//left_wheel.stl
[49.190s] -- Up-to-date: /home/blacknav/blacknav/install/blacknav/share/blacknav/assets//left_wheel.part
[49.212s] -- Up-to-date: /home/blacknav/blacknav/install/blacknav/share/blacknav/assets//right_wheel.part
[49.218s] -- Up-to-date: /home/blacknav/blacknav/install/blacknav/share/blacknav/assets//main_body.part
[49.224s] -- Up-to-date: /home/blacknav/blacknav/install/blacknav/share/blacknav/assets//caster_wheel.stl
[49.230s] -- Up-to-date: /home/blacknav/blacknav/install/blacknav/share/blacknav/assets//realsense_tripod.stl
[49.237s] -- Up-to-date: /home/blacknav/blacknav/install/blacknav/share/blacknav/assets//plug_collision.stl
[49.243s] -- Up-to-date: /home/blacknav/blacknav/install/blacknav/share/blacknav/assets//caster_holder.stl
[49.248s] -- Up-to-date: /home/blacknav/blacknav/install/blacknav/share/blacknav/assets//wheel_joints.part
[49.255s] -- Up-to-date: /home/blacknav/blacknav/install/blacknav/share/ament_index/resource_index/package_run_dependencies/blacknav
[49.260s] -- Up-to-date: /home/blacknav/blacknav/install/blacknav/share/ament_index/resource_index/parent_prefix_path/blacknav
[49.266s] -- Up-to-date: /home/blacknav/blacknav/install/blacknav/share/blacknav/environment/ament_prefix_path.sh
[49.273s] -- Up-to-date: /home/blacknav/blacknav/install/blacknav/share/blacknav/environment/ament_prefix_path.dsv
[49.280s] -- Up-to-date: /home/blacknav/blacknav/install/blacknav/share/blacknav/environment/path.sh
[49.285s] -- Up-to-date: /home/blacknav/blacknav/install/blacknav/share/blacknav/environment/path.dsv
[49.295s] -- Up-to-date: /home/blacknav/blacknav/install/blacknav/share/blacknav/local_setup.bash
[49.300s] -- Up-to-date: /home/blacknav/blacknav/install/blacknav/share/blacknav/local_setup.sh
[49.310s] -- Up-to-date: /home/blacknav/blacknav/install/blacknav/share/blacknav/local_setup.zsh
[49.316s] -- Up-to-date: /home/blacknav/blacknav/install/blacknav/share/blacknav/local_setup.dsv
[49.322s] -- Installing: /home/blacknav/blacknav/install/blacknav/share/blacknav/package.dsv
[49.328s] -- Up-to-date: /home/blacknav/blacknav/install/blacknav/share/ament_index/resource_index/packages/blacknav
[49.334s] -- Up-to-date: /home/blacknav/blacknav/install/blacknav/share/blacknav/cmake/blacknavConfig.cmake
[49.340s] -- Up-to-date: /home/blacknav/blacknav/install/blacknav/share/blacknav/cmake/blacknavConfig-version.cmake
[49.346s] -- Up-to-date: /home/blacknav/blacknav/install/blacknav/share/blacknav/package.xml
[49.352s] Invoked command in '/home/blacknav/blacknav/build/blacknav' returned '0': CMAKE_PREFIX_PATH=${CMAKE_PREFIX_PATH}:/opt/ros/jazzy /usr/bin/cmake --install /home/blacknav/blacknav/build/blacknav
