-- Found ament_cmake: 2.5.4 (/opt/ros/jazzy/share/ament_cmake/cmake)
-- Found rclcpp: 28.1.11 (/opt/ros/jazzy/share/rclcpp/cmake)
-- Found rosidl_generator_c: 4.6.6 (/opt/ros/jazzy/share/rosidl_generator_c/cmake)
-- Found rosidl_generator_cpp: 4.6.6 (/opt/ros/jazzy/share/rosidl_generator_cpp/cmake)
-- Using all available rosidl_typesupport_c: rosidl_typesupport_fastrtps_c;rosidl_typesupport_introspection_c
-- Using all available rosidl_typesupport_cpp: rosidl_typesupport_fastrtps_cpp;rosidl_typesupport_introspection_cpp
-- Found rmw_implementation_cmake: 7.3.2 (/opt/ros/jazzy/share/rmw_implementation_cmake/cmake)
-- Found rmw_fastrtps_cpp: 8.4.3 (/opt/ros/jazzy/share/rmw_fastrtps_cpp/cmake)
-- Using RMW implementation 'rmw_fastrtps_cpp' as default
-- Found geometry_msgs: 5.3.6 (/opt/ros/jazzy/share/geometry_msgs/cmake)
-- Found nav_msgs: 5.3.6 (/opt/ros/jazzy/share/nav_msgs/cmake)
-- Found tf2: 0.36.14 (/opt/ros/jazzy/share/tf2/cmake)
-- Found tf2_ros: 0.36.14 (/opt/ros/jazzy/share/tf2_ros/cmake)
-- Found ament_lint_auto: 0.17.3 (/opt/ros/jazzy/share/ament_lint_auto/cmake)
-- Added test 'cppcheck' to perform static code analysis on C / C++ code
-- Configured cppcheck include dirs: 
-- Configured cppcheck exclude dirs and/or files: 
-- Added test 'flake8' to check Python code syntax and style conventions
-- Configured 'flake8' exclude dirs and/or files: 
-- Added test 'lint_cmake' to check CMake code style
-- Added test 'pep257' to check Python code against some of the docstring style conventions in PEP 257
-- Added test 'uncrustify' to check C / C++ code style
-- Configured uncrustify additional arguments: 
-- Added test 'xmllint' to check XML markup files
-- Configuring done (47.0s)
-- Generating done (0.7s)
-- Build files have been written to: /home/blacknav/blacknav/build/blacknav
[ 25%] [32mBuilding CXX object CMakeFiles/motor_controller.dir/src/motor_controller.cpp.o[0m
[ 50%] [32mBuilding CXX object CMakeFiles/odom_pub.dir/src/odom_pub.cpp.o[0m
[01m[K/home/blacknav/blacknav/src/motor_controller.cpp:[m[K In member function ‘[01m[Kvoid TwistSubscriber::[01;32m[Ktwist_callback[m[K(geometry_msgs::msg::Twist_<std::allocator<void> >::SharedPtr) const[m[K’:
[01m[K/home/blacknav/blacknav/src/motor_controller.cpp:79:33:[m[K [01;35m[Kwarning: [m[Knarrowing conversion of ‘[01m[K((theta_dot_L >> 8) & 255)[m[K’ from ‘[01m[Kint[m[K’ to ‘[01m[Kchar[m[K’ [[01;35m[K-Wnarrowing[m[K]
   79 |             [01;35m[K((theta_dot_L >> 8) & 0xFF)[m[K,
      |             [01;35m[K~~~~~~~~~~~~~~~~~~~~^~~~~~~[m[K
[01m[K/home/blacknav/blacknav/src/motor_controller.cpp:80:26:[m[K [01;35m[Kwarning: [m[Knarrowing conversion of ‘[01m[K(theta_dot_L & 255)[m[K’ from ‘[01m[Kint[m[K’ to ‘[01m[Kchar[m[K’ [[01;35m[K-Wnarrowing[m[K]
   80 |             [01;35m[K(theta_dot_L & 0xFF)[m[K
      |             [01;35m[K~~~~~~~~~~~~~^~~~~~~[m[K
[01m[K/home/blacknav/blacknav/src/motor_controller.cpp:87:33:[m[K [01;35m[Kwarning: [m[Knarrowing conversion of ‘[01m[K((theta_dot_R >> 8) & 255)[m[K’ from ‘[01m[Kint[m[K’ to ‘[01m[Kchar[m[K’ [[01;35m[K-Wnarrowing[m[K]
   87 |             [01;35m[K((theta_dot_R >> 8) & 0xFF)[m[K,
      |             [01;35m[K~~~~~~~~~~~~~~~~~~~~^~~~~~~[m[K
[01m[K/home/blacknav/blacknav/src/motor_controller.cpp:88:27:[m[K [01;35m[Kwarning: [m[Knarrowing conversion of ‘[01m[K(theta_dot_R & 255)[m[K’ from ‘[01m[Kint[m[K’ to ‘[01m[Kchar[m[K’ [[01;35m[K-Wnarrowing[m[K]
   88 |             [01;35m[K(theta_dot_R  & 0xFF)[m[K
      |             [01;35m[K~~~~~~~~~~~~~~^~~~~~~[m[K
[01m[K/home/blacknav/blacknav/src/odom_pub.cpp:[m[K In member function ‘[01m[Kdouble OdomPublisher::[01;32m[Kget_encoder_radians[m[K(unsigned int)[m[K’:
[01m[K/home/blacknav/blacknav/src/odom_pub.cpp:127:13:[m[K [01;35m[Kwarning: [m[Knarrowing conversion of ‘[01m[Kmessage_type[m[K’ from ‘[01m[Kunsigned int[m[K’ to ‘[01m[Kchar[m[K’ [[01;35m[K-Wnarrowing[m[K]
  127 |             [01;35m[Kmessage_type[m[K,
      |             [01;35m[K^~~~~~~~~~~~[m[K
[ 75%] [32m[1mLinking CXX executable odom_pub[0m
[ 75%] Built target odom_pub
[100%] [32m[1mLinking CXX executable motor_controller[0m
[100%] Built target motor_controller
-- Install configuration: ""
-- Installing: /home/blacknav/blacknav/install/blacknav/lib/blacknav/motor_controller
-- Set non-toolchain portion of runtime path of "/home/blacknav/blacknav/install/blacknav/lib/blacknav/motor_controller" to ""
-- Installing: /home/blacknav/blacknav/install/blacknav/lib/blacknav/odom_pub
-- Set non-toolchain portion of runtime path of "/home/blacknav/blacknav/install/blacknav/lib/blacknav/odom_pub" to ""
-- Up-to-date: /home/blacknav/blacknav/install/blacknav/share/blacknav/assets/
-- Up-to-date: /home/blacknav/blacknav/install/blacknav/share/blacknav/assets//main_body.stl
-- Up-to-date: /home/blacknav/blacknav/install/blacknav/share/blacknav/assets//plug.stl
-- Up-to-date: /home/blacknav/blacknav/install/blacknav/share/blacknav/assets//wheel_joints.stl
-- Up-to-date: /home/blacknav/blacknav/install/blacknav/share/blacknav/assets//d415.stl
-- Up-to-date: /home/blacknav/blacknav/install/blacknav/share/blacknav/assets//realsense_tripod.part
-- Up-to-date: /home/blacknav/blacknav/install/blacknav/share/blacknav/assets//caster_holder.part
-- Up-to-date: /home/blacknav/blacknav/install/blacknav/share/blacknav/assets//caster_wheel.part
-- Up-to-date: /home/blacknav/blacknav/install/blacknav/share/blacknav/assets//right_wheel.stl
-- Up-to-date: /home/blacknav/blacknav/install/blacknav/share/blacknav/assets//left_wheel.stl
-- Up-to-date: /home/blacknav/blacknav/install/blacknav/share/blacknav/assets//left_wheel.part
-- Up-to-date: /home/blacknav/blacknav/install/blacknav/share/blacknav/assets//right_wheel.part
-- Up-to-date: /home/blacknav/blacknav/install/blacknav/share/blacknav/assets//main_body.part
-- Up-to-date: /home/blacknav/blacknav/install/blacknav/share/blacknav/assets//caster_wheel.stl
-- Up-to-date: /home/blacknav/blacknav/install/blacknav/share/blacknav/assets//realsense_tripod.stl
-- Up-to-date: /home/blacknav/blacknav/install/blacknav/share/blacknav/assets//plug_collision.stl
-- Up-to-date: /home/blacknav/blacknav/install/blacknav/share/blacknav/assets//caster_holder.stl
-- Up-to-date: /home/blacknav/blacknav/install/blacknav/share/blacknav/assets//wheel_joints.part
-- Up-to-date: /home/blacknav/blacknav/install/blacknav/share/ament_index/resource_index/package_run_dependencies/blacknav
-- Installing: /home/blacknav/blacknav/install/blacknav/share/ament_index/resource_index/parent_prefix_path/blacknav
-- Up-to-date: /home/blacknav/blacknav/install/blacknav/share/blacknav/environment/ament_prefix_path.sh
-- Up-to-date: /home/blacknav/blacknav/install/blacknav/share/blacknav/environment/ament_prefix_path.dsv
-- Up-to-date: /home/blacknav/blacknav/install/blacknav/share/blacknav/environment/path.sh
-- Up-to-date: /home/blacknav/blacknav/install/blacknav/share/blacknav/environment/path.dsv
-- Up-to-date: /home/blacknav/blacknav/install/blacknav/share/blacknav/local_setup.bash
-- Up-to-date: /home/blacknav/blacknav/install/blacknav/share/blacknav/local_setup.sh
-- Up-to-date: /home/blacknav/blacknav/install/blacknav/share/blacknav/local_setup.zsh
-- Up-to-date: /home/blacknav/blacknav/install/blacknav/share/blacknav/local_setup.dsv
-- Installing: /home/blacknav/blacknav/install/blacknav/share/blacknav/package.dsv
-- Up-to-date: /home/blacknav/blacknav/install/blacknav/share/ament_index/resource_index/packages/blacknav
-- Up-to-date: /home/blacknav/blacknav/install/blacknav/share/blacknav/cmake/blacknavConfig.cmake
-- Up-to-date: /home/blacknav/blacknav/install/blacknav/share/blacknav/cmake/blacknavConfig-version.cmake
-- Up-to-date: /home/blacknav/blacknav/install/blacknav/share/blacknav/package.xml
