[0.529s] Invoking command in '/home/blacknav/blacknav/build/blacknav': CMAKE_PREFIX_PATH=/opt/ros/jazzy /usr/bin/cmake /home/blacknav/blacknav -DCMAKE_EXPORT_COMPILE_COMMANDS=ON -DCMAKE_INSTALL_PREFIX=/home/blacknav/blacknav/install/blacknav
[2.441s] -- Found ament_cmake: 2.5.4 (/opt/ros/jazzy/share/ament_cmake/cmake)
[14.577s] -- Found rclcpp: 28.1.11 (/opt/ros/jazzy/share/rclcpp/cmake)
[15.940s] -- Found rosidl_generator_c: 4.6.6 (/opt/ros/jazzy/share/rosidl_generator_c/cmake)
[16.627s] -- Found rosidl_generator_cpp: 4.6.6 (/opt/ros/jazzy/share/rosidl_generator_cpp/cmake)
[17.416s] -- Using all available rosidl_typesupport_c: rosidl_typesupport_fastrtps_c;rosidl_typesupport_introspection_c
[18.358s] -- Using all available rosidl_typesupport_cpp: rosidl_typesupport_fastrtps_cpp;rosidl_typesupport_introspection_cpp
[22.914s] -- Found rmw_implementation_cmake: 7.3.2 (/opt/ros/jazzy/share/rmw_implementation_cmake/cmake)
[22.991s] -- Found rmw_fastrtps_cpp: 8.4.3 (/opt/ros/jazzy/share/rmw_fastrtps_cpp/cmake)
[25.830s] -- Using RMW implementation 'rmw_fastrtps_cpp' as default
[30.023s] -- Found geometry_msgs: 5.3.6 (/opt/ros/jazzy/share/geometry_msgs/cmake)
[32.174s] -- Found nav_msgs: 5.3.6 (/opt/ros/jazzy/share/nav_msgs/cmake)
[34.073s] -- Found tf2: 0.36.14 (/opt/ros/jazzy/share/tf2/cmake)
[34.320s] -- Found tf2_ros: 0.36.14 (/opt/ros/jazzy/share/tf2_ros/cmake)
[41.895s] -- Found ament_lint_auto: 0.17.3 (/opt/ros/jazzy/share/ament_lint_auto/cmake)
[48.423s] -- Added test 'cppcheck' to perform static code analysis on C / C++ code
[48.436s] -- Configured cppcheck include dirs: 
[48.442s] -- Configured cppcheck exclude dirs and/or files: 
[48.486s] -- Added test 'flake8' to check Python code syntax and style conventions
[48.498s] -- Configured 'flake8' exclude dirs and/or files: 
[48.568s] -- Added test 'lint_cmake' to check CMake code style
[48.615s] -- Added test 'pep257' to check Python code against some of the docstring style conventions in PEP 257
[48.858s] -- Added test 'uncrustify' to check C / C++ code style
[48.871s] -- Configured uncrustify additional arguments: 
[48.908s] -- Added test 'xmllint' to check XML markup files
[48.941s] -- Configuring done (47.0s)
[50.097s] -- Generating done (0.7s)
[50.539s] -- Build files have been written to: /home/blacknav/blacknav/build/blacknav
[51.541s] Invoked command in '/home/blacknav/blacknav/build/blacknav' returned '0': CMAKE_PREFIX_PATH=/opt/ros/jazzy /usr/bin/cmake /home/blacknav/blacknav -DCMAKE_EXPORT_COMPILE_COMMANDS=ON -DCMAKE_INSTALL_PREFIX=/home/blacknav/blacknav/install/blacknav
[51.611s] Invoking command in '/home/blacknav/blacknav/build/blacknav': CMAKE_PREFIX_PATH=/opt/ros/jazzy /usr/bin/cmake --build /home/blacknav/blacknav/build/blacknav -- -j12 -l12
[53.297s] [ 25%] [32mBuilding CXX object CMakeFiles/motor_controller.dir/src/motor_controller.cpp.o[0m
[53.395s] [ 50%] [32mBuilding CXX object CMakeFiles/odom_pub.dir/src/odom_pub.cpp.o[0m
[73.389s] [01m[K/home/blacknav/blacknav/src/motor_controller.cpp:[m[K In member function ‘[01m[Kvoid TwistSubscriber::[01;32m[Ktwist_callback[m[K(geometry_msgs::msg::Twist_<std::allocator<void> >::SharedPtr) const[m[K’:
[73.406s] [01m[K/home/blacknav/blacknav/src/motor_controller.cpp:79:33:[m[K [01;35m[Kwarning: [m[Knarrowing conversion of ‘[01m[K((theta_dot_L >> 8) & 255)[m[K’ from ‘[01m[Kint[m[K’ to ‘[01m[Kchar[m[K’ [[01;35m[K-Wnarrowing[m[K]
[73.413s]    79 |             [01;35m[K((theta_dot_L >> 8) & 0xFF)[m[K,
[73.419s]       |             [01;35m[K~~~~~~~~~~~~~~~~~~~~^~~~~~~[m[K
[73.425s] [01m[K/home/blacknav/blacknav/src/motor_controller.cpp:80:26:[m[K [01;35m[Kwarning: [m[Knarrowing conversion of ‘[01m[K(theta_dot_L & 255)[m[K’ from ‘[01m[Kint[m[K’ to ‘[01m[Kchar[m[K’ [[01;35m[K-Wnarrowing[m[K]
[73.435s]    80 |             [01;35m[K(theta_dot_L & 0xFF)[m[K
[73.442s]       |             [01;35m[K~~~~~~~~~~~~~^~~~~~~[m[K
[73.449s] [01m[K/home/blacknav/blacknav/src/motor_controller.cpp:87:33:[m[K [01;35m[Kwarning: [m[Knarrowing conversion of ‘[01m[K((theta_dot_R >> 8) & 255)[m[K’ from ‘[01m[Kint[m[K’ to ‘[01m[Kchar[m[K’ [[01;35m[K-Wnarrowing[m[K]
[73.456s]    87 |             [01;35m[K((theta_dot_R >> 8) & 0xFF)[m[K,
[73.463s]       |             [01;35m[K~~~~~~~~~~~~~~~~~~~~^~~~~~~[m[K
[73.469s] [01m[K/home/blacknav/blacknav/src/motor_controller.cpp:88:27:[m[K [01;35m[Kwarning: [m[Knarrowing conversion of ‘[01m[K(theta_dot_R & 255)[m[K’ from ‘[01m[Kint[m[K’ to ‘[01m[Kchar[m[K’ [[01;35m[K-Wnarrowing[m[K]
[73.476s]    88 |             [01;35m[K(theta_dot_R  & 0xFF)[m[K
[73.483s]       |             [01;35m[K~~~~~~~~~~~~~~^~~~~~~[m[K
[81.804s] [01m[K/home/blacknav/blacknav/src/odom_pub.cpp:[m[K In member function ‘[01m[Kdouble OdomPublisher::[01;32m[Kget_encoder_radians[m[K(unsigned int)[m[K’:
[81.811s] [01m[K/home/blacknav/blacknav/src/odom_pub.cpp:127:13:[m[K [01;35m[Kwarning: [m[Knarrowing conversion of ‘[01m[Kmessage_type[m[K’ from ‘[01m[Kunsigned int[m[K’ to ‘[01m[Kchar[m[K’ [[01;35m[K-Wnarrowing[m[K]
[81.819s]   127 |             [01;35m[Kmessage_type[m[K,
[81.825s]       |             [01;35m[K^~~~~~~~~~~~[m[K
[105.559s] [ 75%] [32m[1mLinking CXX executable odom_pub[0m
[110.020s] [ 75%] Built target odom_pub
[121.816s] [100%] [32m[1mLinking CXX executable motor_controller[0m
[123.745s] [100%] Built target motor_controller
[123.942s] Invoked command in '/home/blacknav/blacknav/build/blacknav' returned '0': CMAKE_PREFIX_PATH=/opt/ros/jazzy /usr/bin/cmake --build /home/blacknav/blacknav/build/blacknav -- -j12 -l12
[124.264s] Invoking command in '/home/blacknav/blacknav/build/blacknav': CMAKE_PREFIX_PATH=/opt/ros/jazzy /usr/bin/cmake --install /home/blacknav/blacknav/build/blacknav
[124.445s] -- Install configuration: ""
[124.485s] -- Installing: /home/blacknav/blacknav/install/blacknav/lib/blacknav/motor_controller
[124.511s] -- Set non-toolchain portion of runtime path of "/home/blacknav/blacknav/install/blacknav/lib/blacknav/motor_controller" to ""
[124.616s] -- Installing: /home/blacknav/blacknav/install/blacknav/lib/blacknav/odom_pub
[124.624s] -- Set non-toolchain portion of runtime path of "/home/blacknav/blacknav/install/blacknav/lib/blacknav/odom_pub" to ""
[124.641s] -- Up-to-date: /home/blacknav/blacknav/install/blacknav/share/blacknav/assets/
[124.647s] -- Up-to-date: /home/blacknav/blacknav/install/blacknav/share/blacknav/assets//main_body.stl
[124.655s] -- Up-to-date: /home/blacknav/blacknav/install/blacknav/share/blacknav/assets//plug.stl
[124.662s] -- Up-to-date: /home/blacknav/blacknav/install/blacknav/share/blacknav/assets//wheel_joints.stl
[124.668s] -- Up-to-date: /home/blacknav/blacknav/install/blacknav/share/blacknav/assets//d415.stl
[124.675s] -- Up-to-date: /home/blacknav/blacknav/install/blacknav/share/blacknav/assets//realsense_tripod.part
[124.693s] -- Up-to-date: /home/blacknav/blacknav/install/blacknav/share/blacknav/assets//caster_holder.part
[124.707s] -- Up-to-date: /home/blacknav/blacknav/install/blacknav/share/blacknav/assets//caster_wheel.part
[124.716s] -- Up-to-date: /home/blacknav/blacknav/install/blacknav/share/blacknav/assets//right_wheel.stl
[124.722s] -- Up-to-date: /home/blacknav/blacknav/install/blacknav/share/blacknav/assets//left_wheel.stl
[124.729s] -- Up-to-date: /home/blacknav/blacknav/install/blacknav/share/blacknav/assets//left_wheel.part
[124.737s] -- Up-to-date: /home/blacknav/blacknav/install/blacknav/share/blacknav/assets//right_wheel.part
[124.744s] -- Up-to-date: /home/blacknav/blacknav/install/blacknav/share/blacknav/assets//main_body.part
[124.752s] -- Up-to-date: /home/blacknav/blacknav/install/blacknav/share/blacknav/assets//caster_wheel.stl
[124.758s] -- Up-to-date: /home/blacknav/blacknav/install/blacknav/share/blacknav/assets//realsense_tripod.stl
[124.767s] -- Up-to-date: /home/blacknav/blacknav/install/blacknav/share/blacknav/assets//plug_collision.stl
[124.776s] -- Up-to-date: /home/blacknav/blacknav/install/blacknav/share/blacknav/assets//caster_holder.stl
[124.792s] -- Up-to-date: /home/blacknav/blacknav/install/blacknav/share/blacknav/assets//wheel_joints.part
[124.816s] -- Up-to-date: /home/blacknav/blacknav/install/blacknav/share/ament_index/resource_index/package_run_dependencies/blacknav
[124.822s] -- Installing: /home/blacknav/blacknav/install/blacknav/share/ament_index/resource_index/parent_prefix_path/blacknav
[124.828s] -- Up-to-date: /home/blacknav/blacknav/install/blacknav/share/blacknav/environment/ament_prefix_path.sh
[124.834s] -- Up-to-date: /home/blacknav/blacknav/install/blacknav/share/blacknav/environment/ament_prefix_path.dsv
[124.840s] -- Up-to-date: /home/blacknav/blacknav/install/blacknav/share/blacknav/environment/path.sh
[124.847s] -- Up-to-date: /home/blacknav/blacknav/install/blacknav/share/blacknav/environment/path.dsv
[124.853s] -- Up-to-date: /home/blacknav/blacknav/install/blacknav/share/blacknav/local_setup.bash
[124.859s] -- Up-to-date: /home/blacknav/blacknav/install/blacknav/share/blacknav/local_setup.sh
[124.865s] -- Up-to-date: /home/blacknav/blacknav/install/blacknav/share/blacknav/local_setup.zsh
[124.871s] -- Up-to-date: /home/blacknav/blacknav/install/blacknav/share/blacknav/local_setup.dsv
[124.877s] -- Installing: /home/blacknav/blacknav/install/blacknav/share/blacknav/package.dsv
[124.887s] -- Up-to-date: /home/blacknav/blacknav/install/blacknav/share/ament_index/resource_index/packages/blacknav
[124.893s] -- Up-to-date: /home/blacknav/blacknav/install/blacknav/share/blacknav/cmake/blacknavConfig.cmake
[124.899s] -- Up-to-date: /home/blacknav/blacknav/install/blacknav/share/blacknav/cmake/blacknavConfig-version.cmake
[124.905s] -- Up-to-date: /home/blacknav/blacknav/install/blacknav/share/blacknav/package.xml
[124.912s] Invoked command in '/home/blacknav/blacknav/build/blacknav' returned '0': CMAKE_PREFIX_PATH=/opt/ros/jazzy /usr/bin/cmake --install /home/blacknav/blacknav/build/blacknav
