[6.477s] DEBUG:colcon:Command line arguments: ['/usr/bin/colcon', 'build', '--cmake-args', '-DCMAKE_EXPORT_COMPILE_COMMANDS=On']
[6.484s] DEBUG:colcon:Parsed command line arguments: Namespace(log_base=None, log_level=None, verb_name='build', build_base='build', install_base='install', merge_install=False, symlink_install=False, test_result_base=None, continue_on_error=False, executor='parallel', parallel_workers=12, event_handlers=None, ignore_user_meta=False, metas=['./colcon.meta'], base_paths=['.'], packages_ignore=None, packages_ignore_regex=None, paths=None, packages_up_to=None, packages_up_to_regex=None, packages_above=None, packages_above_and_dependencies=None, packages_above_depth=None, packages_select_by_dep=None, packages_skip_by_dep=None, packages_skip_up_to=None, packages_select_build_failed=False, packages_skip_build_finished=False, packages_select_test_failures=False, packages_skip_test_passed=False, packages_select=None, packages_skip=None, packages_select_regex=None, packages_skip_regex=None, packages_start=None, packages_end=None, cmake_args=['-DCMAKE_EXPORT_COMPILE_COMMANDS=On'], cmake_target=None, cmake_target_skip_unavailable=False, cmake_clean_cache=False, cmake_clean_first=False, cmake_force_configure=False, ament_cmake_args=None, catkin_cmake_args=None, catkin_skip_building_tests=False, mixin_files=None, mixin=None, verb_parser=<colcon_mixin.mixin.mixin_argument.MixinArgumentDecorator object at 0x7f87fe10d160>, verb_extension=<colcon_core.verb.build.BuildVerb object at 0x7f87fe10ccb0>, main=<bound method BuildVerb.main of <colcon_core.verb.build.BuildVerb object at 0x7f87fe10ccb0>>, mixin_verb=('build',))
[8.821s] Level 1:colcon.colcon_core.package_discovery:discover_packages(colcon_meta) check parameters
[8.824s] Level 1:colcon.colcon_core.package_discovery:discover_packages(recursive) check parameters
[8.826s] Level 1:colcon.colcon_core.package_discovery:discover_packages(ignore) check parameters
[8.827s] Level 1:colcon.colcon_core.package_discovery:discover_packages(path) check parameters
[8.828s] Level 1:colcon.colcon_core.package_discovery:discover_packages(colcon_meta) discover
[8.832s] Level 1:colcon.colcon_core.package_discovery:discover_packages(recursive) discover
[8.834s] INFO:colcon.colcon_core.package_discovery:Crawling recursively for packages in '/home/blacknav/blacknav'
[8.838s] Level 1:colcon.colcon_core.package_identification:_identify(.) by extensions ['ignore', 'ignore_ament_install']
[8.843s] Level 1:colcon.colcon_core.package_identification:_identify(.) by extension 'ignore'
[8.846s] Level 1:colcon.colcon_core.package_identification:_identify(.) by extension 'ignore_ament_install'
[8.849s] Level 1:colcon.colcon_core.package_identification:_identify(.) by extensions ['colcon_pkg']
[8.851s] Level 1:colcon.colcon_core.package_identification:_identify(.) by extension 'colcon_pkg'
[8.853s] Level 1:colcon.colcon_core.package_identification:_identify(.) by extensions ['colcon_meta']
[8.855s] Level 1:colcon.colcon_core.package_identification:_identify(.) by extension 'colcon_meta'
[8.857s] Level 1:colcon.colcon_core.package_identification:_identify(.) by extensions ['ros']
[8.858s] Level 1:colcon.colcon_core.package_identification:_identify(.) by extension 'ros'
[10.892s] DEBUG:colcon.colcon_core.package_identification:Package '.' with type 'ros.ament_cmake' and name 'blacknav'
[10.894s] Level 1:colcon.colcon_core.package_discovery:discover_packages(recursive) using defaults
[10.897s] Level 1:colcon.colcon_core.package_discovery:discover_packages(ignore) discover
[10.898s] Level 1:colcon.colcon_core.package_discovery:discover_packages(ignore) using defaults
[10.900s] Level 1:colcon.colcon_core.package_discovery:discover_packages(path) discover
[10.901s] Level 1:colcon.colcon_core.package_discovery:discover_packages(path) using defaults
[12.020s] Level 5:colcon.colcon_core.verb:set package 'blacknav' build argument 'cmake_args' from command line to '['-DCMAKE_EXPORT_COMPILE_COMMANDS=On']'
[12.022s] Level 5:colcon.colcon_core.verb:set package 'blacknav' build argument 'cmake_target' from command line to 'None'
[12.024s] Level 5:colcon.colcon_core.verb:set package 'blacknav' build argument 'cmake_target_skip_unavailable' from command line to 'False'
[12.025s] Level 5:colcon.colcon_core.verb:set package 'blacknav' build argument 'cmake_clean_cache' from command line to 'False'
[12.027s] Level 5:colcon.colcon_core.verb:set package 'blacknav' build argument 'cmake_clean_first' from command line to 'False'
[12.028s] Level 5:colcon.colcon_core.verb:set package 'blacknav' build argument 'cmake_force_configure' from command line to 'False'
[12.030s] Level 5:colcon.colcon_core.verb:set package 'blacknav' build argument 'ament_cmake_args' from command line to 'None'
[12.031s] Level 5:colcon.colcon_core.verb:set package 'blacknav' build argument 'catkin_cmake_args' from command line to 'None'
[12.032s] Level 5:colcon.colcon_core.verb:set package 'blacknav' build argument 'catkin_skip_building_tests' from command line to 'False'
[12.035s] DEBUG:colcon.colcon_core.verb:Building package 'blacknav' with the following arguments: {'ament_cmake_args': None, 'build_base': '/home/blacknav/blacknav/build/blacknav', 'catkin_cmake_args': None, 'catkin_skip_building_tests': False, 'cmake_args': ['-DCMAKE_EXPORT_COMPILE_COMMANDS=On'], 'cmake_clean_cache': False, 'cmake_clean_first': False, 'cmake_force_configure': False, 'cmake_target': None, 'cmake_target_skip_unavailable': False, 'install_base': '/home/blacknav/blacknav/install/blacknav', 'merge_install': False, 'path': '/home/blacknav/blacknav', 'symlink_install': False, 'test_result_base': None}
[12.038s] INFO:colcon.colcon_core.executor:Executing jobs using 'parallel' executor
[12.080s] DEBUG:colcon.colcon_parallel_executor.executor.parallel:run_until_complete
[12.089s] INFO:colcon.colcon_ros.task.ament_cmake.build:Building ROS package in '/home/blacknav/blacknav' with build type 'ament_cmake'
[12.093s] INFO:colcon.colcon_cmake.task.cmake.build:Building CMake package in '/home/blacknav/blacknav'
[12.191s] INFO:colcon.colcon_core.plugin_system:Skipping extension 'colcon_core.shell.bat': Not used on non-Windows systems
[12.201s] INFO:colcon.colcon_core.shell:Skip shell extension 'powershell' for command environment: Not usable outside of PowerShell
[12.203s] DEBUG:colcon.colcon_core.shell:Skip shell extension 'dsv' for command environment
[12.633s] DEBUG:colcon.colcon_core.event_handler.log_command:Invoking command in '/home/blacknav/blacknav/build/blacknav': CMAKE_PREFIX_PATH=${CMAKE_PREFIX_PATH}:/opt/ros/jazzy /usr/bin/cmake --build /home/blacknav/blacknav/build/blacknav -- -j12 -l12
[80.579s] DEBUG:colcon.colcon_core.event_handler.log_command:Invoked command in '/home/blacknav/blacknav/build/blacknav' returned '0': CMAKE_PREFIX_PATH=${CMAKE_PREFIX_PATH}:/opt/ros/jazzy /usr/bin/cmake --build /home/blacknav/blacknav/build/blacknav -- -j12 -l12
[80.780s] DEBUG:colcon.colcon_core.event_handler.log_command:Invoking command in '/home/blacknav/blacknav/build/blacknav': CMAKE_PREFIX_PATH=${CMAKE_PREFIX_PATH}:/opt/ros/jazzy /usr/bin/cmake --install /home/blacknav/blacknav/build/blacknav
[81.106s] Level 1:colcon.colcon_core.environment:create_environment_scripts_only(blacknav)
[81.313s] DEBUG:colcon.colcon_core.event_handler.log_command:Invoked command in '/home/blacknav/blacknav/build/blacknav' returned '0': CMAKE_PREFIX_PATH=${CMAKE_PREFIX_PATH}:/opt/ros/jazzy /usr/bin/cmake --install /home/blacknav/blacknav/build/blacknav
[81.416s] Level 1:colcon.colcon_core.environment:checking '/home/blacknav/blacknav/install/blacknav' for CMake module files
[81.468s] Level 1:colcon.colcon_core.environment:checking '/home/blacknav/blacknav/install/blacknav' for CMake config files
[81.478s] Level 1:colcon.colcon_core.shell:create_environment_hook('blacknav', 'cmake_prefix_path')
[81.486s] INFO:colcon.colcon_core.shell:Creating environment hook '/home/blacknav/blacknav/install/blacknav/share/blacknav/hook/cmake_prefix_path.ps1'
[81.516s] INFO:colcon.colcon_core.shell:Creating environment descriptor '/home/blacknav/blacknav/install/blacknav/share/blacknav/hook/cmake_prefix_path.dsv'
[81.535s] INFO:colcon.colcon_core.shell:Creating environment hook '/home/blacknav/blacknav/install/blacknav/share/blacknav/hook/cmake_prefix_path.sh'
[81.583s] Level 1:colcon.colcon_core.environment:checking '/home/blacknav/blacknav/install/blacknav/lib'
[81.591s] Level 1:colcon.colcon_core.environment:checking '/home/blacknav/blacknav/install/blacknav/bin'
[81.595s] Level 1:colcon.colcon_core.environment:checking '/home/blacknav/blacknav/install/blacknav/lib/pkgconfig/blacknav.pc'
[81.647s] Level 1:colcon.colcon_core.environment:checking '/home/blacknav/blacknav/install/blacknav/lib/python3.12/site-packages'
[81.661s] Level 1:colcon.colcon_core.environment:checking '/home/blacknav/blacknav/install/blacknav/bin'
[81.674s] INFO:colcon.colcon_core.shell:Creating package script '/home/blacknav/blacknav/install/blacknav/share/blacknav/package.ps1'
[81.725s] INFO:colcon.colcon_core.shell:Creating package descriptor '/home/blacknav/blacknav/install/blacknav/share/blacknav/package.dsv'
[81.751s] INFO:colcon.colcon_core.shell:Creating package script '/home/blacknav/blacknav/install/blacknav/share/blacknav/package.sh'
[81.792s] INFO:colcon.colcon_core.shell:Creating package script '/home/blacknav/blacknav/install/blacknav/share/blacknav/package.bash'
[81.838s] INFO:colcon.colcon_core.shell:Creating package script '/home/blacknav/blacknav/install/blacknav/share/blacknav/package.zsh'
[81.872s] Level 1:colcon.colcon_core.environment:create_file_with_runtime_dependencies(/home/blacknav/blacknav/install/blacknav/share/colcon-core/packages/blacknav)
[81.892s] Level 1:colcon.colcon_core.environment:create_environment_scripts_only(blacknav)
[81.899s] Level 1:colcon.colcon_core.environment:checking '/home/blacknav/blacknav/install/blacknav' for CMake module files
[81.946s] Level 1:colcon.colcon_core.environment:checking '/home/blacknav/blacknav/install/blacknav' for CMake config files
[81.956s] Level 1:colcon.colcon_core.shell:create_environment_hook('blacknav', 'cmake_prefix_path')
[81.963s] INFO:colcon.colcon_core.shell:Creating environment hook '/home/blacknav/blacknav/install/blacknav/share/blacknav/hook/cmake_prefix_path.ps1'
[81.980s] INFO:colcon.colcon_core.shell:Creating environment descriptor '/home/blacknav/blacknav/install/blacknav/share/blacknav/hook/cmake_prefix_path.dsv'
[81.994s] INFO:colcon.colcon_core.shell:Creating environment hook '/home/blacknav/blacknav/install/blacknav/share/blacknav/hook/cmake_prefix_path.sh'
[82.026s] Level 1:colcon.colcon_core.environment:checking '/home/blacknav/blacknav/install/blacknav/lib'
[82.029s] Level 1:colcon.colcon_core.environment:checking '/home/blacknav/blacknav/install/blacknav/bin'
[82.033s] Level 1:colcon.colcon_core.environment:checking '/home/blacknav/blacknav/install/blacknav/lib/pkgconfig/blacknav.pc'
[82.043s] Level 1:colcon.colcon_core.environment:checking '/home/blacknav/blacknav/install/blacknav/lib/python3.12/site-packages'
[82.052s] Level 1:colcon.colcon_core.environment:checking '/home/blacknav/blacknav/install/blacknav/bin'
[82.063s] INFO:colcon.colcon_core.shell:Creating package script '/home/blacknav/blacknav/install/blacknav/share/blacknav/package.ps1'
[82.086s] INFO:colcon.colcon_core.shell:Creating package descriptor '/home/blacknav/blacknav/install/blacknav/share/blacknav/package.dsv'
[82.112s] INFO:colcon.colcon_core.shell:Creating package script '/home/blacknav/blacknav/install/blacknav/share/blacknav/package.sh'
[82.137s] INFO:colcon.colcon_core.shell:Creating package script '/home/blacknav/blacknav/install/blacknav/share/blacknav/package.bash'
[82.158s] INFO:colcon.colcon_core.shell:Creating package script '/home/blacknav/blacknav/install/blacknav/share/blacknav/package.zsh'
[82.177s] Level 1:colcon.colcon_core.environment:create_file_with_runtime_dependencies(/home/blacknav/blacknav/install/blacknav/share/colcon-core/packages/blacknav)
[82.183s] DEBUG:colcon.colcon_parallel_executor.executor.parallel:closing loop
[82.186s] DEBUG:colcon.colcon_parallel_executor.executor.parallel:loop closed
[82.187s] DEBUG:colcon.colcon_parallel_executor.executor.parallel:run_until_complete finished with '0'
[82.189s] DEBUG:colcon.colcon_core.event_reactor:joining thread
[82.420s] INFO:colcon.colcon_core.plugin_system:Skipping extension 'colcon_notification.desktop_notification.notify_send': Could not find 'notify-send'
[82.424s] INFO:colcon.colcon_core.plugin_system:Skipping extension 'colcon_notification.desktop_notification.terminal_notifier': Not used on non-Darwin systems
[82.428s] INFO:colcon.colcon_core.plugin_system:Skipping extension 'colcon_notification.desktop_notification.win32': Not used on non-Windows systems
[82.430s] INFO:colcon.colcon_notification.desktop_notification:Sending desktop notification using 'notify2'
[82.435s] DEBUG:colcon.colcon_notification.desktop_notification.notify2:Failed to initialize notify2: org.freedesktop.DBus.Error.NotSupported: Unable to autolaunch a dbus-daemon without a $DISPLAY for X11
[82.437s] DEBUG:colcon.colcon_core.event_reactor:joined thread
[82.444s] INFO:colcon.colcon_core.shell:Creating prefix script '/home/blacknav/blacknav/install/local_setup.ps1'
[82.498s] INFO:colcon.colcon_core.shell:Creating prefix util module '/home/blacknav/blacknav/install/_local_setup_util_ps1.py'
[82.584s] INFO:colcon.colcon_core.shell:Creating prefix chain script '/home/blacknav/blacknav/install/setup.ps1'
[82.625s] INFO:colcon.colcon_core.shell:Creating prefix script '/home/blacknav/blacknav/install/local_setup.sh'
[82.652s] INFO:colcon.colcon_core.shell:Creating prefix util module '/home/blacknav/blacknav/install/_local_setup_util_sh.py'
[82.682s] INFO:colcon.colcon_core.shell:Creating prefix chain script '/home/blacknav/blacknav/install/setup.sh'
[82.729s] INFO:colcon.colcon_core.shell:Creating prefix script '/home/blacknav/blacknav/install/local_setup.bash'
[82.760s] INFO:colcon.colcon_core.shell:Creating prefix chain script '/home/blacknav/blacknav/install/setup.bash'
[82.803s] INFO:colcon.colcon_core.shell:Creating prefix script '/home/blacknav/blacknav/install/local_setup.zsh'
[82.826s] INFO:colcon.colcon_core.shell:Creating prefix chain script '/home/blacknav/blacknav/install/setup.zsh'
