[7.669s] DEBUG:colcon:Command line arguments: ['/usr/bin/colcon', 'build', '--cmake-args', '-DCMAKE_EXPORT_COMPILE_COMMANDS=On']
[7.676s] DEBUG:colcon:Parsed command line arguments: Namespace(log_base=None, log_level=None, verb_name='build', build_base='build', install_base='install', merge_install=False, symlink_install=False, test_result_base=None, continue_on_error=False, executor='parallel', parallel_workers=12, event_handlers=None, ignore_user_meta=False, metas=['./colcon.meta'], base_paths=['.'], packages_ignore=None, packages_ignore_regex=None, paths=None, packages_up_to=None, packages_up_to_regex=None, packages_above=None, packages_above_and_dependencies=None, packages_above_depth=None, packages_select_by_dep=None, packages_skip_by_dep=None, packages_skip_up_to=None, packages_select_build_failed=False, packages_skip_build_finished=False, packages_select_test_failures=False, packages_skip_test_passed=False, packages_select=None, packages_skip=None, packages_select_regex=None, packages_skip_regex=None, packages_start=None, packages_end=None, cmake_args=['-DCMAKE_EXPORT_COMPILE_COMMANDS=On'], cmake_target=None, cmake_target_skip_unavailable=False, cmake_clean_cache=False, cmake_clean_first=False, cmake_force_configure=False, ament_cmake_args=None, catkin_cmake_args=None, catkin_skip_building_tests=False, mixin_files=None, mixin=None, verb_parser=<colcon_mixin.mixin.mixin_argument.MixinArgumentDecorator object at 0x7fa747f8d160>, verb_extension=<colcon_core.verb.build.BuildVerb object at 0x7fa747f8cc80>, main=<bound method BuildVerb.main of <colcon_core.verb.build.BuildVerb object at 0x7fa747f8cc80>>, mixin_verb=('build',))
[10.287s] Level 1:colcon.colcon_core.package_discovery:discover_packages(colcon_meta) check parameters
[10.291s] Level 1:colcon.colcon_core.package_discovery:discover_packages(recursive) check parameters
[10.293s] Level 1:colcon.colcon_core.package_discovery:discover_packages(ignore) check parameters
[10.294s] Level 1:colcon.colcon_core.package_discovery:discover_packages(path) check parameters
[10.295s] Level 1:colcon.colcon_core.package_discovery:discover_packages(colcon_meta) discover
[10.299s] Level 1:colcon.colcon_core.package_discovery:discover_packages(recursive) discover
[10.301s] INFO:colcon.colcon_core.package_discovery:Crawling recursively for packages in '/home/blacknav/blacknav'
[10.307s] Level 1:colcon.colcon_core.package_identification:_identify(.) by extensions ['ignore', 'ignore_ament_install']
[10.312s] Level 1:colcon.colcon_core.package_identification:_identify(.) by extension 'ignore'
[10.316s] Level 1:colcon.colcon_core.package_identification:_identify(.) by extension 'ignore_ament_install'
[10.321s] Level 1:colcon.colcon_core.package_identification:_identify(.) by extensions ['colcon_pkg']
[10.322s] Level 1:colcon.colcon_core.package_identification:_identify(.) by extension 'colcon_pkg'
[10.325s] Level 1:colcon.colcon_core.package_identification:_identify(.) by extensions ['colcon_meta']
[10.326s] Level 1:colcon.colcon_core.package_identification:_identify(.) by extension 'colcon_meta'
[10.328s] Level 1:colcon.colcon_core.package_identification:_identify(.) by extensions ['ros']
[10.330s] Level 1:colcon.colcon_core.package_identification:_identify(.) by extension 'ros'
[12.640s] DEBUG:colcon.colcon_core.package_identification:Package '.' with type 'ros.ament_cmake' and name 'blacknav'
[12.642s] Level 1:colcon.colcon_core.package_discovery:discover_packages(recursive) using defaults
[12.646s] Level 1:colcon.colcon_core.package_discovery:discover_packages(ignore) discover
[12.647s] Level 1:colcon.colcon_core.package_discovery:discover_packages(ignore) using defaults
[12.648s] Level 1:colcon.colcon_core.package_discovery:discover_packages(path) discover
[12.650s] Level 1:colcon.colcon_core.package_discovery:discover_packages(path) using defaults
[13.931s] Level 5:colcon.colcon_core.verb:set package 'blacknav' build argument 'cmake_args' from command line to '['-DCMAKE_EXPORT_COMPILE_COMMANDS=On']'
[13.933s] Level 5:colcon.colcon_core.verb:set package 'blacknav' build argument 'cmake_target' from command line to 'None'
[13.934s] Level 5:colcon.colcon_core.verb:set package 'blacknav' build argument 'cmake_target_skip_unavailable' from command line to 'False'
[13.936s] Level 5:colcon.colcon_core.verb:set package 'blacknav' build argument 'cmake_clean_cache' from command line to 'False'
[13.937s] Level 5:colcon.colcon_core.verb:set package 'blacknav' build argument 'cmake_clean_first' from command line to 'False'
[13.939s] Level 5:colcon.colcon_core.verb:set package 'blacknav' build argument 'cmake_force_configure' from command line to 'False'
[13.940s] Level 5:colcon.colcon_core.verb:set package 'blacknav' build argument 'ament_cmake_args' from command line to 'None'
[13.942s] Level 5:colcon.colcon_core.verb:set package 'blacknav' build argument 'catkin_cmake_args' from command line to 'None'
[13.945s] Level 5:colcon.colcon_core.verb:set package 'blacknav' build argument 'catkin_skip_building_tests' from command line to 'False'
[13.947s] DEBUG:colcon.colcon_core.verb:Building package 'blacknav' with the following arguments: {'ament_cmake_args': None, 'build_base': '/home/blacknav/blacknav/build/blacknav', 'catkin_cmake_args': None, 'catkin_skip_building_tests': False, 'cmake_args': ['-DCMAKE_EXPORT_COMPILE_COMMANDS=On'], 'cmake_clean_cache': False, 'cmake_clean_first': False, 'cmake_force_configure': False, 'cmake_target': None, 'cmake_target_skip_unavailable': False, 'install_base': '/home/blacknav/blacknav/install/blacknav', 'merge_install': False, 'path': '/home/blacknav/blacknav', 'symlink_install': False, 'test_result_base': None}
[13.951s] INFO:colcon.colcon_core.executor:Executing jobs using 'parallel' executor
[13.989s] DEBUG:colcon.colcon_parallel_executor.executor.parallel:run_until_complete
[14.003s] INFO:colcon.colcon_ros.task.ament_cmake.build:Building ROS package in '/home/blacknav/blacknav' with build type 'ament_cmake'
[14.007s] INFO:colcon.colcon_cmake.task.cmake.build:Building CMake package in '/home/blacknav/blacknav'
[14.124s] INFO:colcon.colcon_core.plugin_system:Skipping extension 'colcon_core.shell.bat': Not used on non-Windows systems
[14.135s] INFO:colcon.colcon_core.shell:Skip shell extension 'powershell' for command environment: Not usable outside of PowerShell
[14.138s] DEBUG:colcon.colcon_core.shell:Skip shell extension 'dsv' for command environment
[14.635s] DEBUG:colcon.colcon_core.event_handler.log_command:Invoking command in '/home/blacknav/blacknav/build/blacknav': CMAKE_PREFIX_PATH=${CMAKE_PREFIX_PATH}:/opt/ros/jazzy /usr/bin/cmake --build /home/blacknav/blacknav/build/blacknav -- -j12 -l12
[46.167s] DEBUG:colcon.colcon_core.event_handler.log_command:Invoked command in '/home/blacknav/blacknav/build/blacknav' returned '0': CMAKE_PREFIX_PATH=${CMAKE_PREFIX_PATH}:/opt/ros/jazzy /usr/bin/cmake --build /home/blacknav/blacknav/build/blacknav -- -j12 -l12
[46.412s] DEBUG:colcon.colcon_core.event_handler.log_command:Invoking command in '/home/blacknav/blacknav/build/blacknav': CMAKE_PREFIX_PATH=${CMAKE_PREFIX_PATH}:/opt/ros/jazzy /usr/bin/cmake --install /home/blacknav/blacknav/build/blacknav
[46.685s] Level 1:colcon.colcon_core.environment:create_environment_scripts_only(blacknav)
[46.976s] DEBUG:colcon.colcon_core.event_handler.log_command:Invoked command in '/home/blacknav/blacknav/build/blacknav' returned '0': CMAKE_PREFIX_PATH=${CMAKE_PREFIX_PATH}:/opt/ros/jazzy /usr/bin/cmake --install /home/blacknav/blacknav/build/blacknav
[47.076s] Level 1:colcon.colcon_core.environment:checking '/home/blacknav/blacknav/install/blacknav' for CMake module files
[47.124s] Level 1:colcon.colcon_core.environment:checking '/home/blacknav/blacknav/install/blacknav' for CMake config files
[47.136s] Level 1:colcon.colcon_core.shell:create_environment_hook('blacknav', 'cmake_prefix_path')
[47.144s] INFO:colcon.colcon_core.shell:Creating environment hook '/home/blacknav/blacknav/install/blacknav/share/blacknav/hook/cmake_prefix_path.ps1'
[47.182s] INFO:colcon.colcon_core.shell:Creating environment descriptor '/home/blacknav/blacknav/install/blacknav/share/blacknav/hook/cmake_prefix_path.dsv'
[47.204s] INFO:colcon.colcon_core.shell:Creating environment hook '/home/blacknav/blacknav/install/blacknav/share/blacknav/hook/cmake_prefix_path.sh'
[47.253s] Level 1:colcon.colcon_core.environment:checking '/home/blacknav/blacknav/install/blacknav/lib'
[47.259s] Level 1:colcon.colcon_core.environment:checking '/home/blacknav/blacknav/install/blacknav/bin'
[47.264s] Level 1:colcon.colcon_core.environment:checking '/home/blacknav/blacknav/install/blacknav/lib/pkgconfig/blacknav.pc'
[47.324s] Level 1:colcon.colcon_core.environment:checking '/home/blacknav/blacknav/install/blacknav/lib/python3.12/site-packages'
[47.335s] Level 1:colcon.colcon_core.environment:checking '/home/blacknav/blacknav/install/blacknav/bin'
[47.348s] INFO:colcon.colcon_core.shell:Creating package script '/home/blacknav/blacknav/install/blacknav/share/blacknav/package.ps1'
[47.392s] INFO:colcon.colcon_core.shell:Creating package descriptor '/home/blacknav/blacknav/install/blacknav/share/blacknav/package.dsv'
[47.424s] INFO:colcon.colcon_core.shell:Creating package script '/home/blacknav/blacknav/install/blacknav/share/blacknav/package.sh'
[47.467s] INFO:colcon.colcon_core.shell:Creating package script '/home/blacknav/blacknav/install/blacknav/share/blacknav/package.bash'
[47.508s] INFO:colcon.colcon_core.shell:Creating package script '/home/blacknav/blacknav/install/blacknav/share/blacknav/package.zsh'
[47.548s] Level 1:colcon.colcon_core.environment:create_file_with_runtime_dependencies(/home/blacknav/blacknav/install/blacknav/share/colcon-core/packages/blacknav)
[47.570s] Level 1:colcon.colcon_core.environment:create_environment_scripts_only(blacknav)
[47.577s] Level 1:colcon.colcon_core.environment:checking '/home/blacknav/blacknav/install/blacknav' for CMake module files
[47.622s] Level 1:colcon.colcon_core.environment:checking '/home/blacknav/blacknav/install/blacknav' for CMake config files
[47.633s] Level 1:colcon.colcon_core.shell:create_environment_hook('blacknav', 'cmake_prefix_path')
[47.640s] INFO:colcon.colcon_core.shell:Creating environment hook '/home/blacknav/blacknav/install/blacknav/share/blacknav/hook/cmake_prefix_path.ps1'
[47.664s] INFO:colcon.colcon_core.shell:Creating environment descriptor '/home/blacknav/blacknav/install/blacknav/share/blacknav/hook/cmake_prefix_path.dsv'
[47.680s] INFO:colcon.colcon_core.shell:Creating environment hook '/home/blacknav/blacknav/install/blacknav/share/blacknav/hook/cmake_prefix_path.sh'
[47.708s] Level 1:colcon.colcon_core.environment:checking '/home/blacknav/blacknav/install/blacknav/lib'
[47.711s] Level 1:colcon.colcon_core.environment:checking '/home/blacknav/blacknav/install/blacknav/bin'
[47.714s] Level 1:colcon.colcon_core.environment:checking '/home/blacknav/blacknav/install/blacknav/lib/pkgconfig/blacknav.pc'
[47.725s] Level 1:colcon.colcon_core.environment:checking '/home/blacknav/blacknav/install/blacknav/lib/python3.12/site-packages'
[47.735s] Level 1:colcon.colcon_core.environment:checking '/home/blacknav/blacknav/install/blacknav/bin'
[47.746s] INFO:colcon.colcon_core.shell:Creating package script '/home/blacknav/blacknav/install/blacknav/share/blacknav/package.ps1'
[47.776s] INFO:colcon.colcon_core.shell:Creating package descriptor '/home/blacknav/blacknav/install/blacknav/share/blacknav/package.dsv'
[47.805s] INFO:colcon.colcon_core.shell:Creating package script '/home/blacknav/blacknav/install/blacknav/share/blacknav/package.sh'
[47.827s] INFO:colcon.colcon_core.shell:Creating package script '/home/blacknav/blacknav/install/blacknav/share/blacknav/package.bash'
[47.849s] INFO:colcon.colcon_core.shell:Creating package script '/home/blacknav/blacknav/install/blacknav/share/blacknav/package.zsh'
[47.867s] Level 1:colcon.colcon_core.environment:create_file_with_runtime_dependencies(/home/blacknav/blacknav/install/blacknav/share/colcon-core/packages/blacknav)
[47.881s] DEBUG:colcon.colcon_parallel_executor.executor.parallel:closing loop
[47.893s] DEBUG:colcon.colcon_parallel_executor.executor.parallel:loop closed
[47.896s] DEBUG:colcon.colcon_parallel_executor.executor.parallel:run_until_complete finished with '0'
[47.898s] DEBUG:colcon.colcon_core.event_reactor:joining thread
[48.137s] INFO:colcon.colcon_core.plugin_system:Skipping extension 'colcon_notification.desktop_notification.notify_send': Could not find 'notify-send'
[48.141s] INFO:colcon.colcon_core.plugin_system:Skipping extension 'colcon_notification.desktop_notification.terminal_notifier': Not used on non-Darwin systems
[48.145s] INFO:colcon.colcon_core.plugin_system:Skipping extension 'colcon_notification.desktop_notification.win32': Not used on non-Windows systems
[48.147s] INFO:colcon.colcon_notification.desktop_notification:Sending desktop notification using 'notify2'
[48.152s] DEBUG:colcon.colcon_notification.desktop_notification.notify2:Failed to initialize notify2: org.freedesktop.DBus.Error.NotSupported: Unable to autolaunch a dbus-daemon without a $DISPLAY for X11
[48.156s] DEBUG:colcon.colcon_core.event_reactor:joined thread
[48.165s] INFO:colcon.colcon_core.shell:Creating prefix script '/home/blacknav/blacknav/install/local_setup.ps1'
[48.221s] INFO:colcon.colcon_core.shell:Creating prefix util module '/home/blacknav/blacknav/install/_local_setup_util_ps1.py'
[48.314s] INFO:colcon.colcon_core.shell:Creating prefix chain script '/home/blacknav/blacknav/install/setup.ps1'
[48.359s] INFO:colcon.colcon_core.shell:Creating prefix script '/home/blacknav/blacknav/install/local_setup.sh'
[48.387s] INFO:colcon.colcon_core.shell:Creating prefix util module '/home/blacknav/blacknav/install/_local_setup_util_sh.py'
[48.418s] INFO:colcon.colcon_core.shell:Creating prefix chain script '/home/blacknav/blacknav/install/setup.sh'
[48.467s] INFO:colcon.colcon_core.shell:Creating prefix script '/home/blacknav/blacknav/install/local_setup.bash'
[48.492s] INFO:colcon.colcon_core.shell:Creating prefix chain script '/home/blacknav/blacknav/install/setup.bash'
[48.536s] INFO:colcon.colcon_core.shell:Creating prefix script '/home/blacknav/blacknav/install/local_setup.zsh'
[48.561s] INFO:colcon.colcon_core.shell:Creating prefix chain script '/home/blacknav/blacknav/install/setup.zsh'
