[0.741s] Invoking command in '/home/blacknav/blacknav/build/blacknav': CMAKE_PREFIX_PATH=/opt/ros/jazzy /usr/bin/cmake --build /home/blacknav/blacknav/build/blacknav -- -j12 -l12
[2.421s] [ 25%] [32mBuilding CXX object CMakeFiles/odom_pub.dir/src/odom_pub.cpp.o[0m
[2.566s] [ 75%] Built target motor_controller
[25.662s] [01m[K/home/blacknav/blacknav/src/odom_pub.cpp:[m[K In function ‘[01m[Kint[01;32m[K main[m[K(int, char**)[m[K’:
[25.676s] [01m[K/home/blacknav/blacknav/src/odom_pub.cpp:22:14:[m[K [01;35m[Kwarning: [m[Kunused parameter ‘[01m[Kargc[m[K’ [[01;35m[K-Wunused-parameter[m[K]
[25.697s]    22 | int main([01;35m[Kint argc[m[K, char * argv[])
[25.711s]       |          [01;35m[K~~~~^~~~[m[K
[25.725s] [01m[K/home/blacknav/blacknav/src/odom_pub.cpp:22:27:[m[K [01;35m[Kwarning: [m[Kunused parameter ‘[01m[Kargv[m[K’ [[01;35m[K-Wunused-parameter[m[K]
[25.738s]    22 | int main(int argc, [01;35m[Kchar * argv[][m[K)
[25.752s]       |                    [01;35m[K~~~~~~~^~~~~~[m[K
[33.462s] [100%] [32m[1mLinking CXX executable odom_pub[0m
[35.190s] [100%] Built target odom_pub
[35.418s] Invoked command in '/home/blacknav/blacknav/build/blacknav' returned '0': CMAKE_PREFIX_PATH=/opt/ros/jazzy /usr/bin/cmake --build /home/blacknav/blacknav/build/blacknav -- -j12 -l12
[35.676s] Invoking command in '/home/blacknav/blacknav/build/blacknav': CMAKE_PREFIX_PATH=/opt/ros/jazzy /usr/bin/cmake --install /home/blacknav/blacknav/build/blacknav
[35.901s] -- Install configuration: ""
[35.920s] -- Installing: /home/blacknav/blacknav/install/blacknav/lib/blacknav/motor_controller
[35.946s] -- Set non-toolchain portion of runtime path of "/home/blacknav/blacknav/install/blacknav/lib/blacknav/motor_controller" to ""
[35.960s] -- Installing: /home/blacknav/blacknav/install/blacknav/lib/blacknav/odom_pub
[35.971s] -- Set non-toolchain portion of runtime path of "/home/blacknav/blacknav/install/blacknav/lib/blacknav/odom_pub" to ""
[35.983s] -- Installing: /home/blacknav/blacknav/install/blacknav/share/blacknav/assets/
[35.995s] -- Installing: /home/blacknav/blacknav/install/blacknav/share/blacknav/assets//main_body.stl
[36.003s] -- Installing: /home/blacknav/blacknav/install/blacknav/share/blacknav/assets//plug.stl
[36.013s] -- Installing: /home/blacknav/blacknav/install/blacknav/share/blacknav/assets//wheel_joints.stl
[36.019s] -- Installing: /home/blacknav/blacknav/install/blacknav/share/blacknav/assets//d415.stl
[36.121s] -- Installing: /home/blacknav/blacknav/install/blacknav/share/blacknav/assets//realsense_tripod.part
[36.133s] -- Installing: /home/blacknav/blacknav/install/blacknav/share/blacknav/assets//caster_holder.part
[36.146s] -- Installing: /home/blacknav/blacknav/install/blacknav/share/blacknav/assets//caster_wheel.part
[36.162s] -- Installing: /home/blacknav/blacknav/install/blacknav/share/blacknav/assets//right_wheel.stl
[36.177s] -- Installing: /home/blacknav/blacknav/install/blacknav/share/blacknav/assets//left_wheel.stl
[36.183s] -- Installing: /home/blacknav/blacknav/install/blacknav/share/blacknav/assets//left_wheel.part
[36.193s] -- Installing: /home/blacknav/blacknav/install/blacknav/share/blacknav/assets//right_wheel.part
[36.199s] -- Installing: /home/blacknav/blacknav/install/blacknav/share/blacknav/assets//main_body.part
[36.205s] -- Installing: /home/blacknav/blacknav/install/blacknav/share/blacknav/assets//caster_wheel.stl
[36.220s] -- Installing: /home/blacknav/blacknav/install/blacknav/share/blacknav/assets//realsense_tripod.stl
[36.233s] -- Installing: /home/blacknav/blacknav/install/blacknav/share/blacknav/assets//plug_collision.stl
[36.244s] -- Installing: /home/blacknav/blacknav/install/blacknav/share/blacknav/assets//caster_holder.stl
[36.254s] -- Installing: /home/blacknav/blacknav/install/blacknav/share/blacknav/assets//wheel_joints.part
[36.260s] -- Installing: /home/blacknav/blacknav/install/blacknav/share/ament_index/resource_index/package_run_dependencies/blacknav
[36.268s] -- Installing: /home/blacknav/blacknav/install/blacknav/share/ament_index/resource_index/parent_prefix_path/blacknav
[36.274s] -- Installing: /home/blacknav/blacknav/install/blacknav/share/blacknav/environment/ament_prefix_path.sh
[36.280s] -- Installing: /home/blacknav/blacknav/install/blacknav/share/blacknav/environment/ament_prefix_path.dsv
[36.289s] -- Installing: /home/blacknav/blacknav/install/blacknav/share/blacknav/environment/path.sh
[36.307s] -- Installing: /home/blacknav/blacknav/install/blacknav/share/blacknav/environment/path.dsv
[36.322s] -- Installing: /home/blacknav/blacknav/install/blacknav/share/blacknav/local_setup.bash
[36.333s] -- Installing: /home/blacknav/blacknav/install/blacknav/share/blacknav/local_setup.sh
[36.348s] -- Installing: /home/blacknav/blacknav/install/blacknav/share/blacknav/local_setup.zsh
[36.366s] -- Installing: /home/blacknav/blacknav/install/blacknav/share/blacknav/local_setup.dsv
[36.373s] -- Installing: /home/blacknav/blacknav/install/blacknav/share/blacknav/package.dsv
[36.379s] -- Installing: /home/blacknav/blacknav/install/blacknav/share/ament_index/resource_index/packages/blacknav
[36.388s] -- Installing: /home/blacknav/blacknav/install/blacknav/share/blacknav/cmake/blacknavConfig.cmake
[36.394s] -- Installing: /home/blacknav/blacknav/install/blacknav/share/blacknav/cmake/blacknavConfig-version.cmake
[36.424s] -- Installing: /home/blacknav/blacknav/install/blacknav/share/blacknav/package.xml
[36.442s] Invoked command in '/home/blacknav/blacknav/build/blacknav' returned '0': CMAKE_PREFIX_PATH=/opt/ros/jazzy /usr/bin/cmake --install /home/blacknav/blacknav/build/blacknav
