[0.574s] Invoking command in '/home/blacknav/blacknav/build/blacknav': CMAKE_PREFIX_PATH=${CMAKE_PREFIX_PATH}:/opt/ros/jazzy /usr/bin/cmake --build /home/blacknav/blacknav/build/blacknav -- -j12 -l12
[2.053s] [ 25%] [32mBuilding CXX object CMakeFiles/motor_controller.dir/src/motor_controller.cpp.o[0m
[2.393s] [ 50%] [32mBuilding CXX object CMakeFiles/odom_pub.dir/src/odom_pub.cpp.o[0m
[22.919s] [01m[K/home/blacknav/blacknav/src/motor_controller.cpp:[m[K In member function ‘[01m[Kvoid TwistSubscriber::[01;32m[Ktwist_callback[m[K(geometry_msgs::msg::Twist_<std::allocator<void> >::SharedPtr) const[m[K’:
[22.927s] [01m[K/home/blacknav/blacknav/src/motor_controller.cpp:60:33:[m[K [01;35m[Kwarning: [m[Knarrowing conversion of ‘[01m[K((theta_dot_L >> 8) & 255)[m[K’ from ‘[01m[Kint[m[K’ to ‘[01m[Kchar[m[K’ [[01;35m[K-Wnarrowing[m[K]
[22.933s]    60 |             [01;35m[K((theta_dot_L >> 8) & 0xFF)[m[K,
[22.940s]       |             [01;35m[K~~~~~~~~~~~~~~~~~~~~^~~~~~~[m[K
[22.946s] [01m[K/home/blacknav/blacknav/src/motor_controller.cpp:61:26:[m[K [01;35m[Kwarning: [m[Knarrowing conversion of ‘[01m[K(theta_dot_L & 255)[m[K’ from ‘[01m[Kint[m[K’ to ‘[01m[Kchar[m[K’ [[01;35m[K-Wnarrowing[m[K]
[22.952s]    61 |             [01;35m[K(theta_dot_L & 0xFF)[m[K
[22.959s]       |             [01;35m[K~~~~~~~~~~~~~^~~~~~~[m[K
[22.966s] [01m[K/home/blacknav/blacknav/src/motor_controller.cpp:68:33:[m[K [01;35m[Kwarning: [m[Knarrowing conversion of ‘[01m[K((theta_dot_R >> 8) & 255)[m[K’ from ‘[01m[Kint[m[K’ to ‘[01m[Kchar[m[K’ [[01;35m[K-Wnarrowing[m[K]
[22.972s]    68 |             [01;35m[K((theta_dot_R >> 8) & 0xFF)[m[K,
[22.978s]       |             [01;35m[K~~~~~~~~~~~~~~~~~~~~^~~~~~~[m[K
[22.985s] [01m[K/home/blacknav/blacknav/src/motor_controller.cpp:69:27:[m[K [01;35m[Kwarning: [m[Knarrowing conversion of ‘[01m[K(theta_dot_R & 255)[m[K’ from ‘[01m[Kint[m[K’ to ‘[01m[Kchar[m[K’ [[01;35m[K-Wnarrowing[m[K]
[22.995s]    69 |             [01;35m[K(theta_dot_R  & 0xFF)[m[K
[23.001s]       |             [01;35m[K~~~~~~~~~~~~~~^~~~~~~[m[K
[31.646s] [01m[K/home/blacknav/blacknav/src/odom_pub.cpp:[m[K In member function ‘[01m[Kdouble OdomPublisher::[01;32m[Kget_encoder_radians[m[K(unsigned int)[m[K’:
[31.653s] [01m[K/home/blacknav/blacknav/src/odom_pub.cpp:127:13:[m[K [01;35m[Kwarning: [m[Knarrowing conversion of ‘[01m[Kmessage_type[m[K’ from ‘[01m[Kunsigned int[m[K’ to ‘[01m[Kchar[m[K’ [[01;35m[K-Wnarrowing[m[K]
[31.659s]   127 |             [01;35m[Kmessage_type[m[K,
[31.666s]       |             [01;35m[K^~~~~~~~~~~~[m[K
[53.894s] [ 75%] [32m[1mLinking CXX executable odom_pub[0m
[55.512s] [ 75%] Built target odom_pub
[71.655s] [100%] [32m[1mLinking CXX executable motor_controller[0m
[73.515s] [100%] Built target motor_controller
[73.697s] Invoked command in '/home/blacknav/blacknav/build/blacknav' returned '0': CMAKE_PREFIX_PATH=${CMAKE_PREFIX_PATH}:/opt/ros/jazzy /usr/bin/cmake --build /home/blacknav/blacknav/build/blacknav -- -j12 -l12
[73.923s] Invoking command in '/home/blacknav/blacknav/build/blacknav': CMAKE_PREFIX_PATH=${CMAKE_PREFIX_PATH}:/opt/ros/jazzy /usr/bin/cmake --install /home/blacknav/blacknav/build/blacknav
[74.125s] -- Install configuration: ""
[74.151s] -- Installing: /home/blacknav/blacknav/install/blacknav/lib/blacknav/motor_controller
[74.180s] -- Set non-toolchain portion of runtime path of "/home/blacknav/blacknav/install/blacknav/lib/blacknav/motor_controller" to ""
[74.193s] -- Installing: /home/blacknav/blacknav/install/blacknav/lib/blacknav/odom_pub
[74.205s] -- Set non-toolchain portion of runtime path of "/home/blacknav/blacknav/install/blacknav/lib/blacknav/odom_pub" to ""
[74.228s] -- Up-to-date: /home/blacknav/blacknav/install/blacknav/share/blacknav/assets/
[74.234s] -- Up-to-date: /home/blacknav/blacknav/install/blacknav/share/blacknav/assets//main_body.stl
[74.245s] -- Up-to-date: /home/blacknav/blacknav/install/blacknav/share/blacknav/assets//plug.stl
[74.257s] -- Up-to-date: /home/blacknav/blacknav/install/blacknav/share/blacknav/assets//wheel_joints.stl
[74.264s] -- Up-to-date: /home/blacknav/blacknav/install/blacknav/share/blacknav/assets//d415.stl
[74.270s] -- Up-to-date: /home/blacknav/blacknav/install/blacknav/share/blacknav/assets//realsense_tripod.part
[74.276s] -- Up-to-date: /home/blacknav/blacknav/install/blacknav/share/blacknav/assets//caster_holder.part
[74.282s] -- Up-to-date: /home/blacknav/blacknav/install/blacknav/share/blacknav/assets//caster_wheel.part
[74.289s] -- Up-to-date: /home/blacknav/blacknav/install/blacknav/share/blacknav/assets//right_wheel.stl
[74.295s] -- Up-to-date: /home/blacknav/blacknav/install/blacknav/share/blacknav/assets//left_wheel.stl
[74.303s] -- Up-to-date: /home/blacknav/blacknav/install/blacknav/share/blacknav/assets//left_wheel.part
[74.317s] -- Up-to-date: /home/blacknav/blacknav/install/blacknav/share/blacknav/assets//right_wheel.part
[74.323s] -- Up-to-date: /home/blacknav/blacknav/install/blacknav/share/blacknav/assets//main_body.part
[74.330s] -- Up-to-date: /home/blacknav/blacknav/install/blacknav/share/blacknav/assets//caster_wheel.stl
[74.336s] -- Up-to-date: /home/blacknav/blacknav/install/blacknav/share/blacknav/assets//realsense_tripod.stl
[74.347s] -- Up-to-date: /home/blacknav/blacknav/install/blacknav/share/blacknav/assets//plug_collision.stl
[74.357s] -- Up-to-date: /home/blacknav/blacknav/install/blacknav/share/blacknav/assets//caster_holder.stl
[74.371s] -- Up-to-date: /home/blacknav/blacknav/install/blacknav/share/blacknav/assets//wheel_joints.part
[74.388s] -- Up-to-date: /home/blacknav/blacknav/install/blacknav/share/ament_index/resource_index/package_run_dependencies/blacknav
[74.395s] -- Up-to-date: /home/blacknav/blacknav/install/blacknav/share/ament_index/resource_index/parent_prefix_path/blacknav
[74.425s] -- Up-to-date: /home/blacknav/blacknav/install/blacknav/share/blacknav/environment/ament_prefix_path.sh
[74.432s] -- Up-to-date: /home/blacknav/blacknav/install/blacknav/share/blacknav/environment/ament_prefix_path.dsv
[74.444s] -- Up-to-date: /home/blacknav/blacknav/install/blacknav/share/blacknav/environment/path.sh
[74.458s] -- Up-to-date: /home/blacknav/blacknav/install/blacknav/share/blacknav/environment/path.dsv
[74.470s] -- Up-to-date: /home/blacknav/blacknav/install/blacknav/share/blacknav/local_setup.bash
[74.479s] -- Up-to-date: /home/blacknav/blacknav/install/blacknav/share/blacknav/local_setup.sh
[74.486s] -- Up-to-date: /home/blacknav/blacknav/install/blacknav/share/blacknav/local_setup.zsh
[74.504s] -- Up-to-date: /home/blacknav/blacknav/install/blacknav/share/blacknav/local_setup.dsv
[74.521s] -- Installing: /home/blacknav/blacknav/install/blacknav/share/blacknav/package.dsv
[74.528s] -- Up-to-date: /home/blacknav/blacknav/install/blacknav/share/ament_index/resource_index/packages/blacknav
[74.538s] -- Up-to-date: /home/blacknav/blacknav/install/blacknav/share/blacknav/cmake/blacknavConfig.cmake
[74.547s] -- Up-to-date: /home/blacknav/blacknav/install/blacknav/share/blacknav/cmake/blacknavConfig-version.cmake
[74.567s] -- Up-to-date: /home/blacknav/blacknav/install/blacknav/share/blacknav/package.xml
[74.579s] Invoked command in '/home/blacknav/blacknav/build/blacknav' returned '0': CMAKE_PREFIX_PATH=${CMAKE_PREFIX_PATH}:/opt/ros/jazzy /usr/bin/cmake --install /home/blacknav/blacknav/build/blacknav
