[ 50%] Built target motor_controller
[ 75%] [32mBuilding CXX object CMakeFiles/odom_pub.dir/src/odom_pub.cpp.o[0m
[01m[K/home/blacknav/blacknav/src/odom_pub.cpp:[m[K In constructor ‘[01m[KOdomPublisher::[01;32m[KOdomPublisher[m[K()[m[K’:
[01m[K/home/blacknav/blacknav/src/odom_pub.cpp:48:27:[m[K [01;35m[Kwarning: [m[Kcomparison of unsigned expression in ‘[01m[K< 0[m[K’ is always false [[01;35m[K-Wtype-limits[m[K]
   48 |         if ([01;35m[Kpigpio_handle < 0[m[K) {
      |             [01;35m[K~~~~~~~~~~~~~~^~~[m[K
[01m[K/home/blacknav/blacknav/src/odom_pub.cpp:53:24:[m[K [01;35m[Kwarning: [m[Kcomparison of unsigned expression in ‘[01m[K< 0[m[K’ is always false [[01;35m[K-Wtype-limits[m[K]
   53 |         if ([01;35m[Kspi_handle < 0[m[K) {
      |             [01;35m[K~~~~~~~~~~~^~~[m[K
[01m[K/home/blacknav/blacknav/src/odom_pub.cpp:[m[K In member function ‘[01m[Kdouble OdomPublisher::[01;32m[Kget_encoder_radians[m[K(unsigned int)[m[K’:
[01m[K/home/blacknav/blacknav/src/odom_pub.cpp:91:13:[m[K [01;35m[Kwarning: [m[Knarrowing conversion of ‘[01m[Kmessage_type[m[K’ from ‘[01m[Kunsigned int[m[K’ to ‘[01m[Kchar[m[K’ [[01;35m[K-Wnarrowing[m[K]
   91 |             [01;35m[Kmessage_type[m[K,
      |             [01;35m[K^~~~~~~~~~~~[m[K
[01m[K/home/blacknav/blacknav/src/odom_pub.cpp:[m[K In function ‘[01m[Kint[01;32m[K main[m[K(int, char**)[m[K’:
[01m[K/home/blacknav/blacknav/src/odom_pub.cpp:157:14:[m[K [01;35m[Kwarning: [m[Kunused parameter ‘[01m[Kargc[m[K’ [[01;35m[K-Wunused-parameter[m[K]
  157 | int main([01;35m[Kint argc[m[K, char *argv[])
      |          [01;35m[K~~~~^~~~[m[K
[01m[K/home/blacknav/blacknav/src/odom_pub.cpp:157:26:[m[K [01;35m[Kwarning: [m[Kunused parameter ‘[01m[Kargv[m[K’ [[01;35m[K-Wunused-parameter[m[K]
  157 | int main(int argc, [01;35m[Kchar *argv[][m[K)
      |                    [01;35m[K~~~~~~^~~~~~[m[K
[100%] [32m[1mLinking CXX executable odom_pub[0m
[100%] Built target odom_pub
-- Install configuration: ""
-- Up-to-date: /home/blacknav/blacknav/install/blacknav/lib/blacknav/motor_controller
-- Installing: /home/blacknav/blacknav/install/blacknav/lib/blacknav/odom_pub
-- Set non-toolchain portion of runtime path of "/home/blacknav/blacknav/install/blacknav/lib/blacknav/odom_pub" to ""
-- Up-to-date: /home/blacknav/blacknav/install/blacknav/share/blacknav/assets/
-- Up-to-date: /home/blacknav/blacknav/install/blacknav/share/blacknav/assets//main_body.stl
-- Up-to-date: /home/blacknav/blacknav/install/blacknav/share/blacknav/assets//plug.stl
-- Up-to-date: /home/blacknav/blacknav/install/blacknav/share/blacknav/assets//wheel_joints.stl
-- Up-to-date: /home/blacknav/blacknav/install/blacknav/share/blacknav/assets//d415.stl
-- Up-to-date: /home/blacknav/blacknav/install/blacknav/share/blacknav/assets//realsense_tripod.part
-- Up-to-date: /home/blacknav/blacknav/install/blacknav/share/blacknav/assets//caster_holder.part
-- Up-to-date: /home/blacknav/blacknav/install/blacknav/share/blacknav/assets//caster_wheel.part
-- Up-to-date: /home/blacknav/blacknav/install/blacknav/share/blacknav/assets//right_wheel.stl
-- Up-to-date: /home/blacknav/blacknav/install/blacknav/share/blacknav/assets//left_wheel.stl
-- Up-to-date: /home/blacknav/blacknav/install/blacknav/share/blacknav/assets//left_wheel.part
-- Up-to-date: /home/blacknav/blacknav/install/blacknav/share/blacknav/assets//right_wheel.part
-- Up-to-date: /home/blacknav/blacknav/install/blacknav/share/blacknav/assets//main_body.part
-- Up-to-date: /home/blacknav/blacknav/install/blacknav/share/blacknav/assets//caster_wheel.stl
-- Up-to-date: /home/blacknav/blacknav/install/blacknav/share/blacknav/assets//realsense_tripod.stl
-- Up-to-date: /home/blacknav/blacknav/install/blacknav/share/blacknav/assets//plug_collision.stl
-- Up-to-date: /home/blacknav/blacknav/install/blacknav/share/blacknav/assets//caster_holder.stl
-- Up-to-date: /home/blacknav/blacknav/install/blacknav/share/blacknav/assets//wheel_joints.part
-- Up-to-date: /home/blacknav/blacknav/install/blacknav/share/ament_index/resource_index/package_run_dependencies/blacknav
-- Up-to-date: /home/blacknav/blacknav/install/blacknav/share/ament_index/resource_index/parent_prefix_path/blacknav
-- Up-to-date: /home/blacknav/blacknav/install/blacknav/share/blacknav/environment/ament_prefix_path.sh
-- Up-to-date: /home/blacknav/blacknav/install/blacknav/share/blacknav/environment/ament_prefix_path.dsv
-- Up-to-date: /home/blacknav/blacknav/install/blacknav/share/blacknav/environment/path.sh
-- Up-to-date: /home/blacknav/blacknav/install/blacknav/share/blacknav/environment/path.dsv
-- Up-to-date: /home/blacknav/blacknav/install/blacknav/share/blacknav/local_setup.bash
-- Up-to-date: /home/blacknav/blacknav/install/blacknav/share/blacknav/local_setup.sh
-- Up-to-date: /home/blacknav/blacknav/install/blacknav/share/blacknav/local_setup.zsh
-- Up-to-date: /home/blacknav/blacknav/install/blacknav/share/blacknav/local_setup.dsv
-- Installing: /home/blacknav/blacknav/install/blacknav/share/blacknav/package.dsv
-- Up-to-date: /home/blacknav/blacknav/install/blacknav/share/ament_index/resource_index/packages/blacknav
-- Up-to-date: /home/blacknav/blacknav/install/blacknav/share/blacknav/cmake/blacknavConfig.cmake
-- Up-to-date: /home/blacknav/blacknav/install/blacknav/share/blacknav/cmake/blacknavConfig-version.cmake
-- Up-to-date: /home/blacknav/blacknav/install/blacknav/share/blacknav/package.xml
