[7.582s] DEBUG:colcon:Command line arguments: ['/usr/bin/colcon', 'build', '--cmake-args', '-DCMAKE_EXPORT_COMPILE_COMMANDS=On']
[7.589s] DEBUG:colcon:Parsed command line arguments: Namespace(log_base=None, log_level=None, verb_name='build', build_base='build', install_base='install', merge_install=False, symlink_install=False, test_result_base=None, continue_on_error=False, executor='parallel', parallel_workers=12, event_handlers=None, ignore_user_meta=False, metas=['./colcon.meta'], base_paths=['.'], packages_ignore=None, packages_ignore_regex=None, paths=None, packages_up_to=None, packages_up_to_regex=None, packages_above=None, packages_above_and_dependencies=None, packages_above_depth=None, packages_select_by_dep=None, packages_skip_by_dep=None, packages_skip_up_to=None, packages_select_build_failed=False, packages_skip_build_finished=False, packages_select_test_failures=False, packages_skip_test_passed=False, packages_select=None, packages_skip=None, packages_select_regex=None, packages_skip_regex=None, packages_start=None, packages_end=None, cmake_args=['-DCMAKE_EXPORT_COMPILE_COMMANDS=On'], cmake_target=None, cmake_target_skip_unavailable=False, cmake_clean_cache=False, cmake_clean_first=False, cmake_force_configure=False, ament_cmake_args=None, catkin_cmake_args=None, catkin_skip_building_tests=False, mixin_files=None, mixin=None, verb_parser=<colcon_mixin.mixin.mixin_argument.MixinArgumentDecorator object at 0x7f604b2652e0>, verb_extension=<colcon_core.verb.build.BuildVerb object at 0x7f604b264dd0>, main=<bound method BuildVerb.main of <colcon_core.verb.build.BuildVerb object at 0x7f604b264dd0>>, mixin_verb=('build',))
[10.235s] Level 1:colcon.colcon_core.package_discovery:discover_packages(colcon_meta) check parameters
[10.239s] Level 1:colcon.colcon_core.package_discovery:discover_packages(recursive) check parameters
[10.241s] Level 1:colcon.colcon_core.package_discovery:discover_packages(ignore) check parameters
[10.242s] Level 1:colcon.colcon_core.package_discovery:discover_packages(path) check parameters
[10.244s] Level 1:colcon.colcon_core.package_discovery:discover_packages(colcon_meta) discover
[10.247s] Level 1:colcon.colcon_core.package_discovery:discover_packages(recursive) discover
[10.249s] INFO:colcon.colcon_core.package_discovery:Crawling recursively for packages in '/home/blacknav/blacknav'
[10.253s] Level 1:colcon.colcon_core.package_identification:_identify(.) by extensions ['ignore', 'ignore_ament_install']
[10.261s] Level 1:colcon.colcon_core.package_identification:_identify(.) by extension 'ignore'
[10.265s] Level 1:colcon.colcon_core.package_identification:_identify(.) by extension 'ignore_ament_install'
[10.268s] Level 1:colcon.colcon_core.package_identification:_identify(.) by extensions ['colcon_pkg']
[10.270s] Level 1:colcon.colcon_core.package_identification:_identify(.) by extension 'colcon_pkg'
[10.272s] Level 1:colcon.colcon_core.package_identification:_identify(.) by extensions ['colcon_meta']
[10.274s] Level 1:colcon.colcon_core.package_identification:_identify(.) by extension 'colcon_meta'
[10.278s] Level 1:colcon.colcon_core.package_identification:_identify(.) by extensions ['ros']
[10.279s] Level 1:colcon.colcon_core.package_identification:_identify(.) by extension 'ros'
[12.671s] DEBUG:colcon.colcon_core.package_identification:Package '.' with type 'ros.ament_cmake' and name 'blacknav'
[12.673s] Level 1:colcon.colcon_core.package_discovery:discover_packages(recursive) using defaults
[12.678s] Level 1:colcon.colcon_core.package_discovery:discover_packages(ignore) discover
[12.680s] Level 1:colcon.colcon_core.package_discovery:discover_packages(ignore) using defaults
[12.681s] Level 1:colcon.colcon_core.package_discovery:discover_packages(path) discover
[12.682s] Level 1:colcon.colcon_core.package_discovery:discover_packages(path) using defaults
[14.012s] Level 5:colcon.colcon_core.verb:set package 'blacknav' build argument 'cmake_args' from command line to '['-DCMAKE_EXPORT_COMPILE_COMMANDS=On']'
[14.014s] Level 5:colcon.colcon_core.verb:set package 'blacknav' build argument 'cmake_target' from command line to 'None'
[14.016s] Level 5:colcon.colcon_core.verb:set package 'blacknav' build argument 'cmake_target_skip_unavailable' from command line to 'False'
[14.020s] Level 5:colcon.colcon_core.verb:set package 'blacknav' build argument 'cmake_clean_cache' from command line to 'False'
[14.023s] Level 5:colcon.colcon_core.verb:set package 'blacknav' build argument 'cmake_clean_first' from command line to 'False'
[14.026s] Level 5:colcon.colcon_core.verb:set package 'blacknav' build argument 'cmake_force_configure' from command line to 'False'
[14.028s] Level 5:colcon.colcon_core.verb:set package 'blacknav' build argument 'ament_cmake_args' from command line to 'None'
[14.031s] Level 5:colcon.colcon_core.verb:set package 'blacknav' build argument 'catkin_cmake_args' from command line to 'None'
[14.033s] Level 5:colcon.colcon_core.verb:set package 'blacknav' build argument 'catkin_skip_building_tests' from command line to 'False'
[14.036s] DEBUG:colcon.colcon_core.verb:Building package 'blacknav' with the following arguments: {'ament_cmake_args': None, 'build_base': '/home/blacknav/blacknav/build/blacknav', 'catkin_cmake_args': None, 'catkin_skip_building_tests': False, 'cmake_args': ['-DCMAKE_EXPORT_COMPILE_COMMANDS=On'], 'cmake_clean_cache': False, 'cmake_clean_first': False, 'cmake_force_configure': False, 'cmake_target': None, 'cmake_target_skip_unavailable': False, 'install_base': '/home/blacknav/blacknav/install/blacknav', 'merge_install': False, 'path': '/home/blacknav/blacknav', 'symlink_install': False, 'test_result_base': None}
[14.042s] INFO:colcon.colcon_core.executor:Executing jobs using 'parallel' executor
[14.096s] DEBUG:colcon.colcon_parallel_executor.executor.parallel:run_until_complete
[14.107s] INFO:colcon.colcon_ros.task.ament_cmake.build:Building ROS package in '/home/blacknav/blacknav' with build type 'ament_cmake'
[14.113s] INFO:colcon.colcon_cmake.task.cmake.build:Building CMake package in '/home/blacknav/blacknav'
[14.219s] INFO:colcon.colcon_core.plugin_system:Skipping extension 'colcon_core.shell.bat': Not used on non-Windows systems
[14.230s] INFO:colcon.colcon_core.shell:Skip shell extension 'powershell' for command environment: Not usable outside of PowerShell
[14.232s] DEBUG:colcon.colcon_core.shell:Skip shell extension 'dsv' for command environment
[14.689s] DEBUG:colcon.colcon_core.event_handler.log_command:Invoking command in '/home/blacknav/blacknav/build/blacknav': CMAKE_PREFIX_PATH=${CMAKE_PREFIX_PATH}:/opt/ros/jazzy /usr/bin/cmake --build /home/blacknav/blacknav/build/blacknav -- -j12 -l12
[149.397s] DEBUG:colcon.colcon_core.event_handler.log_command:Invoked command in '/home/blacknav/blacknav/build/blacknav' returned '0': CMAKE_PREFIX_PATH=${CMAKE_PREFIX_PATH}:/opt/ros/jazzy /usr/bin/cmake --build /home/blacknav/blacknav/build/blacknav -- -j12 -l12
[149.657s] DEBUG:colcon.colcon_core.event_handler.log_command:Invoking command in '/home/blacknav/blacknav/build/blacknav': CMAKE_PREFIX_PATH=${CMAKE_PREFIX_PATH}:/opt/ros/jazzy /usr/bin/cmake --install /home/blacknav/blacknav/build/blacknav
[150.078s] Level 1:colcon.colcon_core.environment:create_environment_scripts_only(blacknav)
[150.272s] DEBUG:colcon.colcon_core.event_handler.log_command:Invoked command in '/home/blacknav/blacknav/build/blacknav' returned '0': CMAKE_PREFIX_PATH=${CMAKE_PREFIX_PATH}:/opt/ros/jazzy /usr/bin/cmake --install /home/blacknav/blacknav/build/blacknav
[150.457s] Level 1:colcon.colcon_core.environment:checking '/home/blacknav/blacknav/install/blacknav' for CMake module files
[150.503s] Level 1:colcon.colcon_core.environment:checking '/home/blacknav/blacknav/install/blacknav' for CMake config files
[150.513s] Level 1:colcon.colcon_core.shell:create_environment_hook('blacknav', 'cmake_prefix_path')
[150.522s] INFO:colcon.colcon_core.shell:Creating environment hook '/home/blacknav/blacknav/install/blacknav/share/blacknav/hook/cmake_prefix_path.ps1'
[150.557s] INFO:colcon.colcon_core.shell:Creating environment descriptor '/home/blacknav/blacknav/install/blacknav/share/blacknav/hook/cmake_prefix_path.dsv'
[150.579s] INFO:colcon.colcon_core.shell:Creating environment hook '/home/blacknav/blacknav/install/blacknav/share/blacknav/hook/cmake_prefix_path.sh'
[150.626s] Level 1:colcon.colcon_core.environment:checking '/home/blacknav/blacknav/install/blacknav/lib'
[150.633s] Level 1:colcon.colcon_core.environment:checking '/home/blacknav/blacknav/install/blacknav/bin'
[150.637s] Level 1:colcon.colcon_core.environment:checking '/home/blacknav/blacknav/install/blacknav/lib/pkgconfig/blacknav.pc'
[150.698s] Level 1:colcon.colcon_core.environment:checking '/home/blacknav/blacknav/install/blacknav/lib/python3.12/site-packages'
[150.708s] Level 1:colcon.colcon_core.environment:checking '/home/blacknav/blacknav/install/blacknav/bin'
[150.720s] INFO:colcon.colcon_core.shell:Creating package script '/home/blacknav/blacknav/install/blacknav/share/blacknav/package.ps1'
[150.764s] INFO:colcon.colcon_core.shell:Creating package descriptor '/home/blacknav/blacknav/install/blacknav/share/blacknav/package.dsv'
[150.799s] INFO:colcon.colcon_core.shell:Creating package script '/home/blacknav/blacknav/install/blacknav/share/blacknav/package.sh'
[150.867s] INFO:colcon.colcon_core.shell:Creating package script '/home/blacknav/blacknav/install/blacknav/share/blacknav/package.bash'
[150.918s] INFO:colcon.colcon_core.shell:Creating package script '/home/blacknav/blacknav/install/blacknav/share/blacknav/package.zsh'
[150.955s] Level 1:colcon.colcon_core.environment:create_file_with_runtime_dependencies(/home/blacknav/blacknav/install/blacknav/share/colcon-core/packages/blacknav)
[150.977s] Level 1:colcon.colcon_core.environment:create_environment_scripts_only(blacknav)
[150.986s] Level 1:colcon.colcon_core.environment:checking '/home/blacknav/blacknav/install/blacknav' for CMake module files
[151.040s] Level 1:colcon.colcon_core.environment:checking '/home/blacknav/blacknav/install/blacknav' for CMake config files
[151.050s] Level 1:colcon.colcon_core.shell:create_environment_hook('blacknav', 'cmake_prefix_path')
[151.059s] INFO:colcon.colcon_core.shell:Creating environment hook '/home/blacknav/blacknav/install/blacknav/share/blacknav/hook/cmake_prefix_path.ps1'
[151.078s] INFO:colcon.colcon_core.shell:Creating environment descriptor '/home/blacknav/blacknav/install/blacknav/share/blacknav/hook/cmake_prefix_path.dsv'
[151.156s] INFO:colcon.colcon_core.shell:Creating environment hook '/home/blacknav/blacknav/install/blacknav/share/blacknav/hook/cmake_prefix_path.sh'
[151.224s] Level 1:colcon.colcon_core.environment:checking '/home/blacknav/blacknav/install/blacknav/lib'
[151.229s] Level 1:colcon.colcon_core.environment:checking '/home/blacknav/blacknav/install/blacknav/bin'
[151.236s] Level 1:colcon.colcon_core.environment:checking '/home/blacknav/blacknav/install/blacknav/lib/pkgconfig/blacknav.pc'
[151.249s] Level 1:colcon.colcon_core.environment:checking '/home/blacknav/blacknav/install/blacknav/lib/python3.12/site-packages'
[151.259s] Level 1:colcon.colcon_core.environment:checking '/home/blacknav/blacknav/install/blacknav/bin'
[151.271s] INFO:colcon.colcon_core.shell:Creating package script '/home/blacknav/blacknav/install/blacknav/share/blacknav/package.ps1'
[151.297s] INFO:colcon.colcon_core.shell:Creating package descriptor '/home/blacknav/blacknav/install/blacknav/share/blacknav/package.dsv'
[151.343s] INFO:colcon.colcon_core.shell:Creating package script '/home/blacknav/blacknav/install/blacknav/share/blacknav/package.sh'
[151.370s] INFO:colcon.colcon_core.shell:Creating package script '/home/blacknav/blacknav/install/blacknav/share/blacknav/package.bash'
[151.393s] INFO:colcon.colcon_core.shell:Creating package script '/home/blacknav/blacknav/install/blacknav/share/blacknav/package.zsh'
[151.413s] Level 1:colcon.colcon_core.environment:create_file_with_runtime_dependencies(/home/blacknav/blacknav/install/blacknav/share/colcon-core/packages/blacknav)
[151.431s] DEBUG:colcon.colcon_parallel_executor.executor.parallel:closing loop
[151.439s] DEBUG:colcon.colcon_parallel_executor.executor.parallel:loop closed
[151.440s] DEBUG:colcon.colcon_parallel_executor.executor.parallel:run_until_complete finished with '0'
[151.444s] DEBUG:colcon.colcon_core.event_reactor:joining thread
[151.803s] INFO:colcon.colcon_core.plugin_system:Skipping extension 'colcon_notification.desktop_notification.notify_send': Could not find 'notify-send'
[151.807s] INFO:colcon.colcon_core.plugin_system:Skipping extension 'colcon_notification.desktop_notification.terminal_notifier': Not used on non-Darwin systems
[151.811s] INFO:colcon.colcon_core.plugin_system:Skipping extension 'colcon_notification.desktop_notification.win32': Not used on non-Windows systems
[151.814s] INFO:colcon.colcon_notification.desktop_notification:Sending desktop notification using 'notify2'
[151.820s] DEBUG:colcon.colcon_notification.desktop_notification.notify2:Failed to initialize notify2: org.freedesktop.DBus.Error.NotSupported: Unable to autolaunch a dbus-daemon without a $DISPLAY for X11
[151.823s] DEBUG:colcon.colcon_core.event_reactor:joined thread
[151.832s] INFO:colcon.colcon_core.shell:Creating prefix script '/home/blacknav/blacknav/install/local_setup.ps1'
[151.893s] INFO:colcon.colcon_core.shell:Creating prefix util module '/home/blacknav/blacknav/install/_local_setup_util_ps1.py'
[151.992s] INFO:colcon.colcon_core.shell:Creating prefix chain script '/home/blacknav/blacknav/install/setup.ps1'
[152.046s] INFO:colcon.colcon_core.shell:Creating prefix script '/home/blacknav/blacknav/install/local_setup.sh'
[152.081s] INFO:colcon.colcon_core.shell:Creating prefix util module '/home/blacknav/blacknav/install/_local_setup_util_sh.py'
[152.116s] INFO:colcon.colcon_core.shell:Creating prefix chain script '/home/blacknav/blacknav/install/setup.sh'
[152.170s] INFO:colcon.colcon_core.shell:Creating prefix script '/home/blacknav/blacknav/install/local_setup.bash'
[152.203s] INFO:colcon.colcon_core.shell:Creating prefix chain script '/home/blacknav/blacknav/install/setup.bash'
[152.255s] INFO:colcon.colcon_core.shell:Creating prefix script '/home/blacknav/blacknav/install/local_setup.zsh'
[152.288s] INFO:colcon.colcon_core.shell:Creating prefix chain script '/home/blacknav/blacknav/install/setup.zsh'
