[0.540s] Invoking command in '/home/blacknav/blacknav/build/blacknav': CMAKE_PREFIX_PATH=${CMAKE_PREFIX_PATH}:/opt/ros/jazzy /usr/bin/cmake --build /home/blacknav/blacknav/build/blacknav -- -j12 -l12
[1.948s] [ 50%] Built target motor_controller
[2.229s] [ 75%] [32mBuilding CXX object CMakeFiles/odom_pub.dir/src/odom_pub.cpp.o[0m
[27.950s] [01m[K/home/blacknav/blacknav/src/odom_pub.cpp:[m[K In member function ‘[01m[Kdouble OdomPublisher::[01;32m[Kget_encoder_radians[m[K(unsigned int)[m[K’:
[27.956s] [01m[K/home/blacknav/blacknav/src/odom_pub.cpp:111:13:[m[K [01;35m[Kwarning: [m[Knarrowing conversion of ‘[01m[Kmessage_type[m[K’ from ‘[01m[Kunsigned int[m[K’ to ‘[01m[Kchar[m[K’ [[01;35m[K-Wnarrowing[m[K]
[27.962s]   111 |             [01;35m[Kmessage_type[m[K,
[27.968s]       |             [01;35m[K^~~~~~~~~~~~[m[K
[47.801s] [100%] [32m[1mLinking CXX executable odom_pub[0m
[49.260s] [100%] Built target odom_pub
[49.454s] Invoked command in '/home/blacknav/blacknav/build/blacknav' returned '0': CMAKE_PREFIX_PATH=${CMAKE_PREFIX_PATH}:/opt/ros/jazzy /usr/bin/cmake --build /home/blacknav/blacknav/build/blacknav -- -j12 -l12
[49.661s] Invoking command in '/home/blacknav/blacknav/build/blacknav': CMAKE_PREFIX_PATH=${CMAKE_PREFIX_PATH}:/opt/ros/jazzy /usr/bin/cmake --install /home/blacknav/blacknav/build/blacknav
[49.839s] -- Install configuration: ""
[49.853s] -- Up-to-date: /home/blacknav/blacknav/install/blacknav/lib/blacknav/motor_controller
[49.864s] -- Installing: /home/blacknav/blacknav/install/blacknav/lib/blacknav/odom_pub
[49.876s] -- Set non-toolchain portion of runtime path of "/home/blacknav/blacknav/install/blacknav/lib/blacknav/odom_pub" to ""
[49.900s] -- Up-to-date: /home/blacknav/blacknav/install/blacknav/share/blacknav/assets/
[49.907s] -- Up-to-date: /home/blacknav/blacknav/install/blacknav/share/blacknav/assets//main_body.stl
[49.918s] -- Up-to-date: /home/blacknav/blacknav/install/blacknav/share/blacknav/assets//plug.stl
[49.949s] -- Up-to-date: /home/blacknav/blacknav/install/blacknav/share/blacknav/assets//wheel_joints.stl
[49.955s] -- Up-to-date: /home/blacknav/blacknav/install/blacknav/share/blacknav/assets//d415.stl
[49.966s] -- Up-to-date: /home/blacknav/blacknav/install/blacknav/share/blacknav/assets//realsense_tripod.part
[49.989s] -- Up-to-date: /home/blacknav/blacknav/install/blacknav/share/blacknav/assets//caster_holder.part
[50.008s] -- Up-to-date: /home/blacknav/blacknav/install/blacknav/share/blacknav/assets//caster_wheel.part
[50.038s] -- Up-to-date: /home/blacknav/blacknav/install/blacknav/share/blacknav/assets//right_wheel.stl
[50.045s] -- Up-to-date: /home/blacknav/blacknav/install/blacknav/share/blacknav/assets//left_wheel.stl
[50.055s] -- Up-to-date: /home/blacknav/blacknav/install/blacknav/share/blacknav/assets//left_wheel.part
[50.062s] -- Up-to-date: /home/blacknav/blacknav/install/blacknav/share/blacknav/assets//right_wheel.part
[50.073s] -- Up-to-date: /home/blacknav/blacknav/install/blacknav/share/blacknav/assets//main_body.part
[50.079s] -- Up-to-date: /home/blacknav/blacknav/install/blacknav/share/blacknav/assets//caster_wheel.stl
[50.085s] -- Up-to-date: /home/blacknav/blacknav/install/blacknav/share/blacknav/assets//realsense_tripod.stl
[50.095s] -- Up-to-date: /home/blacknav/blacknav/install/blacknav/share/blacknav/assets//plug_collision.stl
[50.124s] -- Up-to-date: /home/blacknav/blacknav/install/blacknav/share/blacknav/assets//caster_holder.stl
[50.135s] -- Up-to-date: /home/blacknav/blacknav/install/blacknav/share/blacknav/assets//wheel_joints.part
[50.144s] -- Up-to-date: /home/blacknav/blacknav/install/blacknav/share/ament_index/resource_index/package_run_dependencies/blacknav
[50.151s] -- Up-to-date: /home/blacknav/blacknav/install/blacknav/share/ament_index/resource_index/parent_prefix_path/blacknav
[50.159s] -- Up-to-date: /home/blacknav/blacknav/install/blacknav/share/blacknav/environment/ament_prefix_path.sh
[50.166s] -- Up-to-date: /home/blacknav/blacknav/install/blacknav/share/blacknav/environment/ament_prefix_path.dsv
[50.173s] -- Up-to-date: /home/blacknav/blacknav/install/blacknav/share/blacknav/environment/path.sh
[50.183s] -- Up-to-date: /home/blacknav/blacknav/install/blacknav/share/blacknav/environment/path.dsv
[50.189s] -- Up-to-date: /home/blacknav/blacknav/install/blacknav/share/blacknav/local_setup.bash
[50.197s] -- Up-to-date: /home/blacknav/blacknav/install/blacknav/share/blacknav/local_setup.sh
[50.204s] -- Up-to-date: /home/blacknav/blacknav/install/blacknav/share/blacknav/local_setup.zsh
[50.215s] -- Up-to-date: /home/blacknav/blacknav/install/blacknav/share/blacknav/local_setup.dsv
[50.223s] -- Installing: /home/blacknav/blacknav/install/blacknav/share/blacknav/package.dsv
[50.231s] -- Up-to-date: /home/blacknav/blacknav/install/blacknav/share/ament_index/resource_index/packages/blacknav
[50.243s] -- Up-to-date: /home/blacknav/blacknav/install/blacknav/share/blacknav/cmake/blacknavConfig.cmake
[50.250s] -- Up-to-date: /home/blacknav/blacknav/install/blacknav/share/blacknav/cmake/blacknavConfig-version.cmake
[50.256s] -- Up-to-date: /home/blacknav/blacknav/install/blacknav/share/blacknav/package.xml
[50.263s] Invoked command in '/home/blacknav/blacknav/build/blacknav' returned '0': CMAKE_PREFIX_PATH=${CMAKE_PREFIX_PATH}:/opt/ros/jazzy /usr/bin/cmake --install /home/blacknav/blacknav/build/blacknav
